Build started 7/2/2011 1:37:29 AM.
     1>Project "C:\LiteOS\trunk\Tools\reAddrTool\Project\Project\Project.vcxproj" on node 2 (build target(s)).
     1>InitializeBuildStatus:
         Creating "Debug\Project.unsuccessfulbuild" because "AlwaysCreate" was specified.
       ClCompile:
         C:\Program Files (x86)\Microsoft Visual Studio 10.0\VC\bin\CL.exe /c /ZI /nologo /W3 /WX- /Od /Oy- /D WIN32 /D _DEBUG /D _UNICODE /D UNICODE /Gm /EHsc /RTC1 /MDd /GS /fp:precise /Zc:wchar_t /Zc:forScope /Fo"Debug\\" /Fd"Debug\vc100.pdb" /Gd /TC /analyze- /errorReport:prompt ..\..\atmel_generic.c
         atmel_generic.c
     1>c:\liteos\trunk\tools\readdrtool\atmel_generic.c(68): warning C4244: '=' : conversion from 'long' to 'uint16_t', possible loss of data
       ManifestResourceCompile:
         All outputs are up-to-date.
       Link:
         C:\Program Files (x86)\Microsoft Visual Studio 10.0\VC\bin\link.exe /ERRORREPORT:PROMPT /OUT:"C:\LiteOS\trunk\Tools\reAddrTool\Project\Debug\Project.exe" /INCREMENTAL /NOLOGO /MANIFEST /ManifestFile:"Debug\Project.exe.intermediate.manifest" /MANIFESTUAC:"level='asInvoker' uiAccess='false'" /DEBUG /PDB:"C:\LiteOS\trunk\Tools\reAddrTool\Project\Debug\Project.pdb" /TLBID:1 /DYNAMICBASE /NXCOMPAT /IMPLIB:"C:\LiteOS\trunk\Tools\reAddrTool\Project\Debug\Project.lib" /MACHINE:X86 Debug\Project.exe.embed.manifest.res
         Debug\atmel_generic.obj
         Debug\ihex.obj
         Debug\reAddrHex.obj
         Debug\srecord.obj
       Manifest:
         C:\Program Files (x86)\Microsoft SDKs\Windows\v7.0A\bin\mt.exe /nologo /verbose /out:"Debug\Project.exe.embed.manifest" /manifest Debug\Project.exe.intermediate.manifest
         All outputs are up-to-date.
       LinkEmbedManifest:
         All outputs are up-to-date.
         Project.vcxproj -> C:\LiteOS\trunk\Tools\reAddrTool\Project\Debug\Project.exe
       FinalizeBuildStatus:
         Deleting file "Debug\Project.unsuccessfulbuild".
         Touching "Debug\Project.lastbuildstate".
     1>Done Building Project "C:\LiteOS\trunk\Tools\reAddrTool\Project\Project\Project.vcxproj" (build target(s)).

Build succeeded.

Time Elapsed 00:00:00.79
