-1
-1
-1
-1
-1
-1
-1
-1
-1
-1
0.359035
0.572740
0.400160
0.415104
0.357170
0.360470
0.410100
0.415683
0.451050
0.465622
0.479140
0.491762
0.503626
0.514823
0.525430
0.535507
0.545105
0.554267
0.563024
0.571424
0.579466
0.587200
0.594636
0.601785
0.608685
0.615332
0.621754
0.627947
0.633941
0.639743
0.602721
0.672421
0.643357
0.646979
0.656568
0.661447
0.666185
0.631528
0.695307
0.667713
0.633127
0.698249
0.636080
0.657902
0.689495
0.663194
0.669684
0.677930
0.681596
0.685190
0.688700
0.692133
0.695487
0.698769
0.701988
0.705128
0.708206
0.711224
0.714177
0.717070
0.719902
0.722681
0.725405
0.728077
0.730693
0.733264
0.735782
0.738257
0.740683
0.743064
0.716980
0.762461
0.741069
0.741418
0.747781
0.749960
0.752100
0.754202
0.756266
0.758306
0.760295
0.762272
0.764197
0.766107
0.767974
0.769820
0.746266
0.786641
0.767215
0.767071
0.772707
0.774422
0.776104
0.777761
0.779401
0.781007
0.782596
0.784163
0.785703
0.787221
0.788725
0.790198
0.791661
0.793094
0.794509
0.795917
0.774888
0.810366
0.792945
0.792449
0.797380
0.798695
0.799993
0.801281
0.802542
0.803794
0.805024
0.785338
0.818400
0.802049
0.801455
0.806057
0.807229
0.808379
0.809522
0.810652
0.811761
0.812865
0.813949
0.815030
0.816093
0.817139
0.818182
0.819209
0.820223
0.821230
0.822220
0.823204
0.824175
0.825139
0.826086
0.808527
0.837665
0.804897
0.831797
0.820592
0.819856
0.823835
0.824742
0.825643
0.826532
0.827413
0.828281
0.829150
0.812850
0.839849
0.826268
0.825512
0.829271
0.830099
0.830919
0.831732
0.832537
0.833334
0.834123
0.834909
0.835684
0.836448
0.837212
0.837962
0.838714
0.839451
0.840184
0.840910
0.825912
0.850600
0.838083
0.837295
0.840708
0.841412
0.842108
0.842793
0.843484
0.844154
0.844832
0.845495
0.846155
0.846810
0.847462
0.848102
0.848739
0.849375
0.850002
0.850624
0.851238
0.851857
0.852458
0.853063
0.853660
0.839995
0.848242
0.858316
0.845654
0.833507
0.857668
0.846602
0.845837
0.848841
0.849421
0.850003
0.850575
0.851148
0.851711
0.852275
0.852833
0.853382
0.853934
0.854483
0.855017
0.855558
0.856091
0.856619
0.857144
0.857665
0.858183
0.858700
0.859207
0.859713
0.860216
0.860718
0.861210
0.861705
0.862191
0.862679
0.863158
0.863639
0.864111
0.864585
0.865054
0.865519
0.865978
0.866440
0.866896
0.855206
0.874177
0.864400
0.863635
0.866222
0.866668
0.855252
0.873783
0.864232
0.863487
0.866011
0.866451
0.866888
0.867311
0.867746
0.868168
0.868590
0.869014
0.869427
0.869842
0.870253
0.870666
0.871068
0.871476
0.871874
0.872277
0.872670
0.873068
0.873456
0.873849
0.874232
0.874620
0.875003
0.875379
0.875760
0.876136
0.876505
0.876879
0.877248
0.877614
0.877975
0.878340
0.878700
0.879057
0.879413
0.869155
0.885694
0.877106
0.876380
0.878614
0.878964
0.879312
0.869290
0.885449
0.877058
0.876348
0.878532
0.878874
0.869057
0.874819
0.881961
0.872782
0.863957
0.881260
0.873220
0.872556
0.874657
0.865227
0.880475
0.872576
0.871922
0.873998
0.874332
0.874667
0.875001
0.856287
0.885663
0.869952
0.868346
0.872067
0.872397
0.872728
0.873057
0.873389
0.873711
0.874036
0.874363
0.874680
0.875000
0.875322
0.875634
0.875953
0.876259
0.876581
0.858809
0.886681
0.862836
0.874929
0.870928
0.870341
0.872236
0.872552
0.864088
0.877774
0.870693
0.870119
0.871984
0.863648
0.877127
0.870164
0.827251
0.893605
0.858280
0.846077
0.866491
0.859832
0.859329
0.861115
0.861433
0.861755
0.862070
0.862389
0.862701
0.863017
0.855244
0.859832
0.857596
0.862499
0.840924
0.865928
0.854339
0.853118
0.856196
0.848739
0.860896
0.854663
0.854227
0.855899
0.856209
0.856525
0.856837
0.849507
0.861447
0.855320
0.839811
0.864415
0.852022
0.850890
0.853817
0.854126
0.854431
0.854737
0.855049
0.855346
0.855651
0.855954
0.848906
0.853081
0.858316
0.851777
0.845416
0.857986
0.852201
0.851819
0.853360
0.853661
0.853962
0.854247
0.847438
0.844436
0.860216
0.840990
0.844873
0.852287
0.846090
0.846938
0.848428
0.848726
0.849022
0.849318
0.849609
0.849905
0.850201
0.850485
0.850774
0.851070
0.851354
0.851636
0.851929
0.852207
0.845759
0.856278
0.850906
0.850572
0.845323
0.855748
0.850423
0.850094
0.851509
0.845189
0.855493
0.850230
0.849913
0.851303
0.851579
0.851854
0.852128
0.852401
0.846191
0.856314
0.851140
0.850831
0.852195
0.852458
0.852729
0.852997
0.853266
0.853525
0.853792
0.854060
0.854315
0.854583
0.854837
0.855103
0.855355
0.855619
0.855873
0.856129
0.856385
0.856639
0.856892
0.857144
0.857399
0.857643
0.857899
0.858145
0.858393
0.858641
0.852703
0.862343
0.857401
0.857104
0.840060
0.868134
0.853004
0.851664
0.854950
0.855197
0.855444
0.855689
0.855937
0.856174
0.856423
0.856662
0.856903
0.851188
0.860477
0.855712
0.855447
0.856667
0.856909
0.857141
0.857384
0.857617
0.857852
0.858087
0.858324
0.858554
0.858786
0.859018
0.859248
0.859481
0.859707
0.859935
0.860167
0.854609
0.863615
0.858992
0.858733
0.859900
0.860132
0.860357
0.860574
0.860804
0.861023
0.861244
0.861469
0.861686
0.861905
0.862128
0.862343
0.862560
0.862777
0.862996
0.857588
0.866334
0.861840
0.861584
0.862715
0.862933
0.863138
0.863361
0.863563
0.863780
0.863988
0.864201
0.864407
0.864616
0.864823
0.865034
0.865241
0.865440
0.865652
0.865857
0.866058
0.866262
0.866464
0.866670
0.866872
0.867066
0.861856
0.870275
0.865932
0.865693
0.866770
0.866962
0.867171
0.867359
0.867562
0.867760
0.867949
0.868155
0.868340
0.868540
0.868735
0.868925
0.869118
0.869313
0.869501
0.869692
0.869890
0.870069
0.870265
0.870451
0.870642
0.865588
0.873724
0.869525
0.869288
0.865119
0.873195
0.869023
0.868793
0.864656
0.872669
0.868534
0.852964
0.852003
0.862680
0.766616
0.796559
0.864218
0.597951
0.885469
0.739992
0.607670
0.767074
0.739997
0.596436
0.743556
0.685042
0.681892
0.669729
0.698972
0.682732
0.685615
0.686721
0.687050
0.687396
0.684515
0.689510
0.687115
0.671930
0.695499
0.672811
0.524789
0.742690
0.604246
0.650976
0.635264
0.639815
0.634134
0.642452
0.638059
0.636872
0.641070
0.636278
0.641203
0.639148
0.640108
0.637627
0.641916
0.639939
0.640878
0.641173
0.641524
0.641863
0.642220
0.642554
0.642907
0.643246
0.643589
0.643935
0.636038
0.648103
0.641579
0.643581
0.643787
0.644120
0.644465
0.644799
0.645141
0.645475
0.645816
0.646144
0.646486
0.485102
0.700167
0.589360
0.612387
0.608859
0.605868
0.609608
0.607954
0.608907
0.609135
0.609478
0.602593
0.608284
0.609389
0.605179
0.609716
0.607851
0.608780
0.609007
0.606962
0.610648
0.501720
0.639027
0.571678
0.587613
0.584729
0.503018
0.616917
0.550007
0.574391
0.567588
0.567931
0.568277
0.568615
0.568961
0.569302
0.567564
0.570793
0.569423
0.570378
0.570541
0.570887
0.571224
0.571559
0.571899
0.572231
0.572567
0.570853
0.574041
0.572706
0.573599
0.573790
0.574123
0.574453
0.574784
0.575118
0.573406
0.576585
0.571191
0.577731
0.572598
0.576817
0.575238
0.576089
0.576285
0.576614
0.576941
0.577264
0.577588
0.577920
0.578234
0.578565
0.578887
0.579207
0.579529
0.579853
0.580174
0.580492
0.576811
0.580737
0.580627
0.580293
0.580873
0.581081
0.581397
0.581713
0.582032
0.582345
0.582664
0.582980
0.583292
0.583606
0.583922
0.584236
0.584546
0.584862
0.585170
0.585481
0.581849
0.587698
0.584839
0.586035
0.586157
0.586463
0.584807
0.587876
0.586610
0.587346
0.587566
0.587873
0.588176
0.588481
0.588789
0.589094
0.587440
0.590496
0.589231
0.589955
0.590170
0.588530
0.589622
0.591102
0.590262
0.590887
0.591110
0.591410
0.591706
0.592004
0.592305
0.592603
0.592897
0.593198
0.593495
0.593788
0.594083
0.594381
0.583146
0.575034
0.595263
0.580540
0.585133
0.556898
0.596661
0.573978
0.578531
0.580044
0.578894
0.579569
0.577966
0.580815
0.579662
0.580334
0.580550
0.580842
0.581131
0.579616
0.580643
0.580233
0.580197
0.581890
0.581038
0.581623
0.581843
0.580326
0.581356
0.582736
0.581969
0.582548
0.579186
0.582722
0.582680
0.582275
0.582777
0.581213
0.578680
0.577989
0.549623
0.577240
0.575139
0.568721
0.571034
0.570542
0.570821
0.571108
0.566320
0.572053
0.570682
0.569000
0.571772
0.567291
0.570970
0.549290
0.579341
0.561039
0.568058
0.566044
0.565020
0.567545
0.566515
0.567136
0.567343
0.567621
0.567900
0.568174
0.568450
0.568734
0.569003
0.569279
0.569562
0.569831
0.570106
0.570387
0.570650
0.570935
0.571201
0.571478
0.571751
0.572021
0.572296
0.572564
0.572839
0.573110
0.573377
0.573651
0.573921
0.574187
0.572837
0.575394
0.574378
0.574966
0.575171
0.575436
0.575707
0.574352
0.576907
0.575890
0.576472
0.576673
0.576942
0.577207
0.577469
0.577736
0.578001
0.578266
0.578526
0.578793
0.579051
0.579317
0.579579
0.579838
0.578493
0.581025
0.578410
0.581239
0.580180
0.580739
0.580941
0.581204
0.581463
0.581719
0.581980
0.582238
0.580894
0.583412
0.582411
0.582957
0.583165
0.583421
0.583678
0.583931
0.582592
0.585104
0.584099
0.584645
0.584849
0.583507
0.586014
0.583427
0.584622
0.585818
0.585110
0.585598
0.585798
0.586052
0.586303
0.586555
0.586803
0.585474
0.587961
0.586964
0.587497
0.587699
0.587945
0.588197
0.588445
0.588694
0.588938
0.589189
0.589436
0.589680
0.589929
0.590176
0.590418
0.590667
0.590912
0.588016
0.572462
0.589643
0.587609
0.582494
0.581352
0.585086
0.584152
0.580918
0.585595
0.581891
0.584812
0.583777
0.582767
0.585111
0.582648
0.583784
0.584936
0.584251
0.584716
0.580390
0.587024
0.582219
0.585369
0.582800
0.585426
0.584442
0.584945
0.585142
0.585382
0.585617
0.584358
0.586719
0.585782
0.584778
0.587093
0.586158
0.586649
0.586851
0.587077
0.587324
0.587556
0.587790
0.588024
0.588265
0.588494
0.588732
0.587475
0.589820
0.588883
0.589372
0.589566
0.589800
0.588543
0.590882
0.589951
0.590429
0.590626
0.590857
0.591089
0.591316
0.591555
0.591774
0.592015
0.592237
0.590995
0.591833
0.593004
0.592317
0.588339
0.594786
0.591559
0.592519
0.592634
0.592865
0.593092
0.593320
0.593544
0.593774
0.594000
0.594227
0.594449
0.594678
0.594904
0.595125
0.595357
0.595575
0.595804
0.596024
0.596250
0.596478
0.596692
0.596925
0.597141
0.597367
0.597589
0.596352
0.598639
0.597723
0.598180
0.598369
0.598587
0.598810
0.599031
0.599252
0.599468
0.599695
0.596998
0.601341
0.599294
0.598520
0.597837
0.599582
0.599820
0.599340
0.599722
0.599911
0.598687
0.599506
0.544239
0.566801
0.603628
0.568504
0.576831
0.575447
0.575675
0.575888
0.458727
0.625015
0.533395
0.554453
0.550548
0.550765
0.550993
0.551207
0.551432
0.551652
0.551869
0.552096
0.552309
0.552532
0.552747
0.551772
0.553676
0.552960
0.553395
0.553574
0.553789
0.554009
0.554227
0.554445
0.554663
0.553680
0.555585
0.554867
0.555298
0.555472
0.555690
0.555910
0.556115
0.556341
0.556553
0.556765
0.556983
0.557197
0.557412
0.556428
0.558328
0.557613
0.558027
0.558214
0.558419
0.557446
0.559336
0.558620
0.556661
0.560193
0.558545
0.559175
0.559315
0.559522
0.559740
0.559944
0.558974
0.560855
0.560142
0.560553
0.559547
0.561431
0.560707
0.559950
0.537210
0.553908
0.559502
0.549317
0.553420
0.552193
0.552606
0.552783
0.552981
0.553200
0.553404
0.553610
0.553820
0.554028
0.554236
0.554439
0.554653
0.554854
0.555064
0.555266
0.555479
0.555678
0.555892
0.556091
0.556296
0.555371
0.557172
0.556495
0.556894
0.557066
0.557271
0.557472
0.557683
0.557880
0.556952
0.558753
0.558078
0.558468
0.558647
0.558843
0.559049
0.559247
0.559456
0.558516
0.560323
0.558510
0.560499
0.559785
0.560184
0.560347
0.560551
0.560752
0.560953
0.561149
0.561352
0.561556
0.561745
0.561955
0.562151
0.562347
0.562549
0.562747
0.562946
0.560891
0.564267
0.562718
0.562159
0.563889
0.563211
0.563591
0.563766
0.563956
0.564157
0.564353
0.564550
0.563623
0.564283
0.565188
0.564701
0.565043
0.565220
0.565412
0.565604
0.565802
0.566001
0.566185
0.566390
0.566581
0.566772
0.566969
0.567162
0.567356
0.567550
0.567740
0.567940
0.568126
0.567204
0.568976
0.568299
0.568669
0.567723
0.569488
0.566590
0.570099
0.568542
0.569089
0.568115
0.569877
0.569204
0.569574
0.569739
0.569926
0.570123
0.570306
0.570499
0.570689
0.570874
0.571071
0.571253
0.571450
0.571632
0.571820
0.572014
0.572200
0.572385
0.572576
0.572763
0.572951
0.573139
0.573327
0.573511
0.573700
0.573887
0.574074
0.573152
0.574906
0.574228
0.574595
0.573647
0.575396
0.574720
0.575086
0.575245
0.575427
0.575615
0.575799
0.573781
0.577080
0.574451
0.575442
0.576273
0.575779
0.576111
0.576272
0.576451
0.575543
0.576182
0.577057
0.576564
0.576894
0.577055
0.576139
0.577875
0.577201
0.577556
0.577715
0.577897
0.578079
0.578261
0.578439
0.578623
0.578803
0.578984
0.579165
0.579346
0.579523
0.579705
0.579889
0.580063
0.580242
0.580427
0.580604
0.580780
0.580962
0.581140
0.581319
0.581498
0.581677
0.581852
0.582033
0.581126
0.582838
0.582175
0.582513
0.582677
0.582847
0.583032
0.583202
0.583383
0.583559
0.583731
0.583915
0.584084
0.583179
0.584888
0.584224
0.583479
0.585169
0.583421
0.585289
0.584607
0.584949
0.585099
0.585273
0.585453
0.585625
0.585796
0.585973
0.586146
0.586320
0.586494
0.586668
0.586838
0.587018
0.587184
0.587361
0.587533
0.587706
0.587879
0.588047
0.588222
0.588398
0.588564
0.588739
0.588911
0.589078
0.589256
0.589421
0.589595
0.589765
0.589936
0.590107
0.590278
0.590445
0.590622
0.590785
0.590959
0.591128
0.591298
0.590390
0.592086
0.591416
0.591747
0.590828
0.592511
0.590778
0.592624
0.591940
0.592273
0.592417
0.591519
0.593200
0.592540
0.592865
0.593016
0.592110
0.593798
0.593130
0.593457
0.593606
0.592704
0.594385
0.593724
0.594043
0.594199
0.594358
0.594528
0.594693
0.594859
0.595025
0.595187
0.595359
0.595517
0.595686
0.595850
0.596015
0.596180
0.596345
0.596506
0.596672
0.596840
0.596998
0.597165
0.597324
0.597495
0.597655
0.597815
0.597981
0.598148
0.598305
0.598471
0.597570
0.599239
0.598575
0.598897
0.599037
0.599202
0.599363
0.599525
0.599687
0.599845
0.600013
0.600167
0.600332
0.600492
0.599598
0.601249
0.600600
0.600909
0.601051
0.601218
0.601371
0.601535
0.601694
0.601854
0.602010
0.602176
0.602328
0.602495
0.602647
0.602809
0.602968
0.603127
0.603286
0.603440
0.602551
0.604196
0.603542
0.603849
0.603993
0.604151
0.604309
0.604462
0.604626
0.603727
0.605374
0.604719
0.605025
0.605167
0.605324
0.605477
0.605640
0.605789
0.605949
0.606109
0.606258
0.606413
0.606575
0.606728
0.606880
0.607042
0.607190
0.606304
0.607939
0.607286
0.607583
0.607731
0.607883
0.608034
0.608190
0.607299
0.608934
0.608280
0.608580
0.608721
0.608875
0.609025
0.609185
0.608286
0.608882
0.609702
0.609196
0.609482
0.609622
0.609770
0.609930
0.610075
0.610230
0.609341
0.610967
0.610316
0.610612
0.610752
0.610899
0.611057
0.611202
0.610320
0.611938
0.611289
0.611584
0.611722
0.611873
0.612020
0.611137
0.612759
0.612102
0.612399
0.612536
0.612686
0.612836
0.612982
0.613138
0.613280
0.613437
0.613579
0.613732
0.613880
0.612993
0.614610
0.612928
0.614677
0.614024
0.614307
0.614447
0.614594
0.614742
0.614890
0.615038
0.615186
0.615330
0.615484
0.615624
0.615774
0.615921
0.616068
0.616215
0.616362
0.616509
0.616651
0.616805
0.615917
0.617522
0.616874
0.616135
0.617724
0.617078
0.617360
0.616474
0.618072
0.617421
0.617714
0.617841
0.617989
0.618133
0.618279
0.618419
0.618570
0.618712
0.618853
0.619000
0.619148
0.617242
0.620287
0.618852
0.619274
0.619392
0.619542
0.619678
0.619829
0.619965
0.620112
0.620254
0.620397
0.620540
0.620683
0.620826
0.620965
0.621114
0.615153
0.621915
0.620228
0.619627
0.619983
0.620103
