-1
-1
-1
-1
-1
-1
-1
-1
-1
-1
108.269094
105.668198
104.868158
108.308191
99.169181
106.377966
107.999754
103.001789
107.272196
108.302094
105.337050
105.638940
107.787026
108.001275
106.535411
104.498736
108.541995
108.157876
106.129365
107.661800
104.281230
108.774812
109.650907
99.346747
104.000139
112.070529
105.835680
105.691242
103.529052
105.999999
109.837086
104.998538
104.371322
111.507862
105.112332
101.935178
108.195241
110.389482
107.997127
100.361447
108.006630
114.785505
98.503622
108.008599
110.294714
91.432667
142.181244
96.987893
118.918946
69.687490
119.303371
48.684498
77.019179
157.285287
737.201178
1493.936734
933.372096
104.815472
289.807353
208.335417
54.109781
151.271890
142.460514
88.531861
76.998804
107.280847
118.971145
118.014610
105.724885
103.860544
97.523283
91.062744
121.935540
122.561831
88.489670
115.177757
83.965554
127.470148
92.675808
119.633055
100.751675
111.642215
107.142327
99.266384
112.883403
95.383288
117.379946
99.510662
113.532626
97.169604
119.683958
100.206471
99.866637
102.383726
102.881982
113.948569
110.974177
100.524792
109.272501
99.591580
105.855966
111.183198
104.969437
99.313812
120.329681
103.254915
101.301210
111.091443
97.633046
113.296996
99.078028
93.473091
110.017118
58.947031
154.290930
102.501117
114.995621
107.000139
98.610624
108.527293
97.865913
106.720510
105.127438
112.409849
110.216075
102.203523
97.311438
105.866811
98.109973
112.143026
102.736797
111.482258
105.713071
106.000000
104.856481
106.287597
102.139464
106.700491
103.749085
104.476917
110.871325
109.491305
103.095495
108.747330
104.555520
103.569478
106.848305
97.796734
104.144257
107.665191
102.348786
109.784138
105.424782
111.941280
104.255989
108.302199
99.138255
104.314543
91.964525
118.020371
102.951769
107.011623
93.089884
110.595209
98.669042
101.603348
111.470724
102.746574
98.067977
91.664309
112.799724
89.828747
121.702925
106.964715
99.424435
98.642754
95.869109
109.632217
108.749354
94.209373
104.622145
79.246352
123.258985
105.614661
106.665766
104.144107
98.643244
107.749916
103.690308
110.031844
80.276422
112.892495
51.277448
154.766274
94.800945
105.424780
105.688833
107.107655
103.898565
106.813417
103.525033
100.340385
92.904756
102.139901
92.648518
105.846725
98.878443
107.970914
102.824645
104.473291
93.978495
107.502073
102.574147
107.170038
103.433506
106.753993
99.844930
102.699754
101.994647
106.719029
99.433083
96.291966
94.031280
102.455281
105.127941
117.302612
103.037508
108.654982
104.858662
105.463697
103.434611
105.764553
98.862338
102.817622
105.033642
110.445953
97.981033
109.159168
103.142028
99.155405
109.062682
109.761340
110.055327
103.898574
113.579176
104.154214
106.565345
99.454295
109.601319
103.686419
112.056985
103.411532
112.185084
102.824174
112.030624
104.706817
110.149988
105.994815
108.720298
105.858956
105.568341
104.147434
110.274390
105.870784
110.406252
108.000076
103.879624
108.118708
104.757855
106.858606
111.656417
104.751806
110.105274
103.757047
109.241743
103.370749
108.953951
108.000014
106.717533
107.663808
106.621456
106.199723
111.454917
107.717716
104.576509
106.565883
102.058984
107.786581
109.926073
104.794242
110.560082
105.081377
107.141357
105.858623
106.141514
105.513843
102.434028
107.474624
99.231413
109.665098
103.909604
104.425522
77.327773
96.634503
43.441027
113.142449
69.947265
128.521851
92.173727
96.282839
96.541264
92.609562
102.751910
85.019145
108.980869
99.392211
102.337827
105.807421
87.114623
96.662703
91.936038
100.353454
98.728918
90.221406
106.581515
103.918672
104.997426
90.139371
97.021122
103.973351
76.200473
112.527846
96.017777
88.324066
109.503886
85.096794
103.232221
99.841712
86.643152
107.783417
95.653282
111.890622
101.129396
94.756183
90.758507
103.555346
93.406743
97.525203
90.882144
54.057185
95.637205
51.644408
70.566613
65.590976
68.521653
95.515408
77.593285
80.909365
90.267436
65.003440
80.350016
82.501685
86.137394
82.075279
91.425086
96.669791
94.055448
93.318057
83.475614
107.638627
87.874570
87.592286
108.947396
45.858769
125.700952
40.025870
103.858608
125.333955
46.797934
146.799659
70.609442
132.323969
82.706081
83.345254
53.215785
111.039428
43.172927
130.420922
41.167457
132.321811
92.357973
122.707218
113.204963
109.725885
99.997612
106.130826
97.053204
110.456175
101.372749
87.258162
103.317674
83.813130
126.050870
103.121616
109.086327
101.124527
109.606097
99.217107
105.005490
107.030864
93.084254
103.507206
102.670313
80.938238
116.183313
107.938655
79.790652
117.077711
82.899538
130.139162
109.406804
107.090716
104.538857
103.539751
103.000033
105.162939
101.712543
109.743139
102.047986
106.497054
104.297834
102.284469
102.747208
96.419546
107.149563
107.099408
100.178711
103.050517
97.931090
105.764912
94.598413
100.013198
104.805386
92.735561
113.786262
90.430261
108.059937
90.010604
113.001164
89.387916
112.556260
104.687547
100.943473
98.946049
110.727706
97.403814
107.667725
106.123960
103.074681
110.660404
102.953284
107.799125
100.954868
104.921772
101.971499
98.133053
109.762473
91.925813
111.105843
103.206984
104.876131
106.716926
100.505181
99.953208
96.870226
104.744480
99.132206
108.117524
80.866845
105.606345
78.973266
115.334549
109.330139
102.929871
112.962199
95.251336
81.677594
99.547324
77.092105
127.770298
109.030404
96.696496
100.244486
104.876348
112.019573
106.630608
105.630684
111.172897
104.984325
105.554418
105.216563
100.158567
110.688203
103.384544
107.616069
100.469113
111.050323
100.077239
104.912020
101.853103
103.313806
108.269209
112.445338
104.261802
107.492653
103.973912
108.902058
107.000076
105.488768
107.387545
107.123199
102.121349
109.248765
102.352396
107.030539
107.616683
100.974372
113.024833
107.630743
106.753813
107.381004
103.496675
100.497132
105.608245
102.617146
112.760158
107.884800
104.630476
105.246650
101.125220
102.123449
106.489852
101.511012
110.116783
105.500630
103.761162
115.355545
101.397566
109.357679
101.026062
111.603241
106.630522
107.000000
104.753622
106.369936
104.265580
106.243403
108.736386
103.898943
108.853831
105.876806
102.389367
107.740463
102.780458
99.223880
106.741792
82.290515
125.072471
68.880019
121.486678
55.192982
136.093640
88.150966
113.211323
93.000937
44.601687
116.689397
66.439983
161.644195
99.898973
110.044138
101.957306
109.159395
102.496939
110.270529
104.652337
102.655005
105.119583
103.423611
107.919997
105.656672
106.883885
88.480090
110.083309
71.742503
129.267245
96.121921
108.908929
106.666024
81.929742
71.815575
68.971990
84.236241
86.378881
66.463750
70.904748
76.610871
126.657225
56.077820
64.401057
66.346735
111.917680
96.782708
126.054080
89.327148
83.733510
74.110492
103.254925
116.930747
108.449825
81.875645
118.896501
97.539461
88.703322
85.675931
51.671508
62.007921
62.620821
101.266711
100.994608
123.109284
94.934215
80.620142
64.047156
89.748864
18.618170
133.916535
74.605346
116.068314
93.848449
89.039830
102.249250
92.310366
92.913602
84.878810
93.699298
87.905778
91.225297
98.929909
70.248613
99.590959
82.937525
96.741005
90.833243
76.943407
106.832753
72.535876
103.296240
61.474091
74.343466
71.452610
63.412207
101.420443
62.001254
80.202434
81.339295
66.498032
87.079338
80.577022
96.946213
109.745055
124.496560
100.969895
100.300452
81.052689
96.642491
101.835825
94.938640
111.216444
95.477429
66.729464
83.280668
48.234639
91.284240
97.751837
84.906301
113.850792
94.652298
94.821133
73.932374
73.019194
94.812720
72.050603
100.805460
69.557538
86.446302
105.105318
116.748533
119.236147
106.225498
103.656231
107.458580
102.013034
111.700799
100.187790
108.354529
103.403578
104.701847
107.595562
104.885526
104.817461
104.885373
108.640417
104.245663
108.821148
105.589912
105.885412
106.295083
105.934491
105.590895
109.703019
97.855002
106.607033
89.510427
115.708276
92.887860
112.064517
90.766689
82.904041
100.331046
74.050215
136.908342
106.848951
108.299627
105.061755
102.536474
104.938920
108.401909
106.946879
106.174000
102.599101
104.054264
104.826890
106.172759
108.513939
102.031861
110.368208
102.575459
110.083218
105.772760
103.601745
103.000028
104.171256
100.090908
100.453354
80.178863
87.226512
87.301568
110.864487
123.677561
100.150539
111.867231
102.980301
101.657178
108.196066
100.305842
112.694037
106.429208
108.280032
105.771727
107.228401
104.492440
106.393240
103.721374
106.064254
102.428741
104.899278
96.775283
95.607960
103.261150
62.731042
112.273389
58.473362
129.872405
99.424314
96.067103
114.480518
107.648928
107.097847
108.385466
104.278458
108.769825
104.503362
100.551206
101.562064
101.315894
104.662573
115.078489
100.224686
108.215277
100.852134
103.270253
107.786417
93.732615
74.314982
87.092655
16.895290
116.122986
25.944116
111.415492
90.317858
113.357449
122.030196
104.579309
94.662044
99.281076
68.790605
105.077772
67.702003
124.555833
104.814979
68.278631
103.922413
83.113038
104.042369
75.651909
106.680761
68.003426
152.350540
95.982328
101.455159
101.737200
97.415672
107.768745
107.965070
103.593803
98.858125
89.967750
91.098411
60.232207
77.329199
66.193701
68.775149
96.208111
76.361531
72.899648
57.413832
95.694833
64.670231
73.893471
89.521491
84.677477
105.237305
77.153543
52.996715
80.740879
53.652292
101.550886
66.064533
65.068114
67.985091
69.747159
87.428604
91.820099
97.611385
91.135385
99.599889
47.144877
87.747932
76.533879
106.636211
122.104218
107.177838
84.278556
88.539395
99.309240
100.610811
105.353287
102.741320
85.659059
94.785577
89.743252
113.314112
98.835135
103.457752
100.576511
106.914778
100.014201
98.312185
87.404716
70.968362
78.917436
80.729525
88.091355
106.596730
88.897696
108.201213
102.474318
95.085405
87.039469
86.993840
78.315749
95.662594
98.145240
106.268383
88.610119
96.942384
91.893205
86.165857
73.792482
80.671326
72.147769
91.425756
90.397752
76.711437
79.572029
94.317742
99.052074
93.994645
99.175076
68.318001
103.446328
72.624363
98.978883
77.230587
94.306358
83.986222
96.451121
78.784851
92.779431
87.452261
78.117595
102.286616
98.960414
111.303628
97.069616
93.549818
101.825219
93.356829
110.831214
87.015696
105.538391
80.784109
110.908194
83.452443
120.173932
83.869547
102.749499
72.346086
97.174123
73.957994
109.408862
82.772986
91.949070
87.749451
83.739800
109.609992
81.377397
102.962015
86.326307
121.263692
105.807832
111.824046
105.404657
107.566412
102.330913
105.206756
103.896598
104.103472
99.459082
105.828216
93.171656
87.401863
92.099727
53.334031
93.024033
45.999782
68.754123
88.695191
72.433097
83.293895
63.563532
73.173548
61.663729
88.919042
66.070766
98.430545
91.325506
92.556842
74.912579
90.781821
90.643279
77.845863
80.156854
80.633866
53.113853
97.566725
69.231920
100.575609
103.975942
88.205253
89.162204
93.053013
86.334429
93.819700
91.780835
69.306935
81.865324
66.436727
92.520829
85.636225
94.715890
85.690187
78.687857
89.276682
84.240807
89.552291
86.914387
80.483350
83.603675
75.466261
97.429469
73.872961
99.403943
68.559432
90.161141
86.326028
81.903088
93.079281
83.213613
82.753567
73.649865
77.863747
77.341632
76.174091
81.713329
75.915588
91.545102
60.581931
81.135527
93.628805
73.036248
98.134853
61.436555
78.195627
95.172203
99.842360
80.971440
83.536437
63.094194
97.459821
83.470766
89.314958
86.853057
89.138872
100.547594
105.064802
75.215134
100.937514
65.630826
88.698475
99.511883
68.516330
100.501915
69.119732
90.279349
75.443707
99.532263
74.023966
106.570654
68.288579
95.142190
90.732737
93.645794
82.888728
90.112365
78.228922
85.043489
90.653032
79.546608
109.368206
80.419222
100.391638
84.582377
88.495745
88.755658
99.594580
80.083585
93.680462
77.220846
64.293508
106.156278
48.012729
109.457800
112.538823
80.544829
98.976034
108.939205
104.685096
107.163780
80.312697
85.372684
75.159059
69.484570
102.898849
76.876168
121.844966
102.202865
97.818486
80.216724
90.960587
78.290976
95.335478
101.629781
81.299546
101.714501
80.389512
103.585437
88.807563
97.561992
93.170566
81.674841
107.103047
85.427488
94.628846
86.357062
81.579203
97.101709
86.689647
100.092117
92.150484
97.418351
77.797647
91.456703
79.196602
98.277563
79.630055
96.394256
79.997001
81.119003
91.745965
89.058615
96.701284
101.823962
47.681593
89.264581
59.968614
97.484060
94.727265
72.389324
104.186387
59.870532
122.955153
58.963684
125.148675
76.993152
107.336365
86.285603
79.962964
83.572612
81.136598
90.545486
72.645398
89.654209
53.744430
49.681354
73.463857
78.247109
135.010366
71.750284
125.940057
78.683586
102.675133
77.440156
96.627202
83.536691
128.772402
90.270048
112.514072
88.540354
105.196445
85.481287
102.837872
94.066931
95.014866
91.103756
87.675748
85.230507
88.563021
89.240089
95.765943
97.890561
106.086648
85.679958
90.383441
93.892077
80.946593
96.849463
95.782095
96.286733
111.169033
100.905528
105.217748
105.586831
101.618177
92.920037
101.642160
90.195454
106.003994
108.495283
100.491742
95.012414
91.673886
91.227951
103.194297
100.732559
102.112295
96.844862
98.434807
93.874115
97.490304
98.814485
90.407861
102.024340
102.467612
98.265394
106.834295
101.565401
102.377584
84.465551
89.154668
82.365854
97.635459
109.677099
96.659445
108.566741
98.721824
104.662540
73.867296
99.744006
46.777495
131.876893
55.635755
123.453748
79.646382
114.498008
97.442816
95.438841
99.999753
97.141597
98.671446
84.973507
106.249815
93.436940
103.075279
94.582002
96.055890
94.470061
100.794696
94.484443
98.334720
102.069955
98.525392
103.238947
91.666248
96.083437
92.109858
92.213568
92.085476
107.236347
100.799914
96.109023
91.532192
93.711776
99.527015
98.012186
100.167530
98.664985
97.203388
97.323668
96.187272
72.118375
103.102231
57.188698
127.652729
98.558086
72.947638
85.485995
67.280447
105.561733
103.772512
87.118327
92.718985
76.620811
105.293166
76.801320
100.709512
85.379686
92.349445
93.606139
84.068235
95.979732
85.590795
94.629777
79.710824
77.395546
92.645579
79.975704
102.463967
93.081503
101.440235
85.078299
90.818550
65.321252
85.857751
75.908937
74.268501
92.807536
86.322510
92.139760
71.684519
84.234936
90.035661
86.909296
79.921177
94.840877
78.081154
100.162155
77.620051
98.835671
76.314348
97.746562
91.605991
86.777295
85.323707
80.135022
97.050638
88.968780
92.538941
83.200840
74.005676
106.884792
67.739369
106.266624
72.230750
107.346048
76.040039
103.321154
71.256870
92.380069
84.630659
86.990388
101.434821
93.044705
87.496792
82.272222
93.356274
92.150286
97.053367
95.115955
76.673908
83.851192
86.763868
99.710444
82.156559
96.619045
83.706693
91.725213
74.737333
92.039420
77.140995
102.553561
87.629643
83.326914
83.677681
94.279079
76.090231
86.610378
82.300513
83.043242
100.446681
84.549914
86.853239
82.348966
83.268608
83.678348
101.650671
94.200721
84.116308
90.381210
85.367446
90.884136
82.108292
86.234007
93.624301
85.899833
103.086294
87.167698
95.985184
87.844692
86.569636
94.147176
99.499843
91.713591
102.167049
94.162129
115.274790
94.846919
95.302540
72.858727
90.271023
75.476922
100.677289
94.120991
91.155870
88.187262
92.254093
92.643165
76.489725
93.555612
84.327377
86.759504
94.714244
62.481688
114.430811
73.863275
100.762419
81.672833
86.060140
84.847414
90.694489
78.681000
94.784614
76.974972
98.100708
82.374265
98.557909
77.168466
94.153699
69.040834
103.071453
81.628190
108.788810
84.722239
104.081236
92.685626
94.036311
101.455411
85.905853
86.277114
92.733347
68.417965
99.773043
73.429978
89.621944
72.080520
103.313371
77.118167
88.886920
83.086830
94.152351
82.106038
98.410205
79.683097
111.636583
82.833464
101.851207
94.000454
88.920349
96.622195
85.726610
83.038148
82.123704
96.904695
87.596617
90.969396
87.897799
100.399619
93.450603
90.570434
73.261830
98.413154
92.683386
86.814966
108.483198
82.479100
94.587691
90.732389
87.648204
102.983529
87.104203
90.821966
86.499296
99.777441
75.245996
108.103447
82.275377
104.391404
85.520472
89.143623
90.287762
81.111778
101.733064
81.448050
104.062810
71.417619
86.911344
86.545455
96.819901
84.232925
98.658069
82.571501
108.523806
96.281289
72.085884
95.314768
65.535580
94.248741
94.684101
71.820436
102.195656
97.105514
86.154311
97.216193
84.328345
103.820571
85.578942
99.430851
83.195032
92.175563
84.685594
90.668019
103.595143
110.981042
90.686620
103.778939
82.241297
112.589975
82.831809
95.915944
65.965450
93.251148
84.759729
102.083775
95.833540
95.511170
82.779797
91.772068
90.698019
90.799559
95.865597
90.343448
87.591255
95.282368
81.411129
90.648021
96.771844
78.029101
108.107478
78.673035
112.132802
87.119879
99.052058
83.744879
95.248251
83.573648
100.263458
85.977826
93.117955
84.840940
89.016555
98.407464
83.305780
98.200350
90.591745
96.408435
85.971578
93.267713
77.574298
94.943953
87.048273
96.561568
84.924766
96.195274
92.980534
95.051203
83.428312
89.158994
102.805381
74.022168
107.253344
78.163363
88.211518
81.179173
58.411444
89.871024
71.690832
95.819790
95.293526
89.193435
89.594359
81.917662
74.861838
90.024287
83.462186
91.897245
79.835457
85.837225
88.104254
82.767301
99.032613
74.289248
76.261386
82.299943
76.761513
91.886644
80.158985
65.509660
100.590775
65.469334
113.483863
70.351473
86.441228
51.781726
96.299605
58.411666
103.850830
98.990332
101.878685
120.060613
104.918689
92.781057
104.719794
100.612603
104.544792
95.336244
91.935432
97.491445
94.975652
110.300225
106.018060
103.603333
103.091210
67.195009
95.237894
69.674290
138.165005
115.819554
95.441802
