-1
-1
-1
-1
-1
-1
-1
-1
-1
-1
223.257887
222.332724
222.997569
223.000000
221.998562
221.000000
221.881691
224.050241
221.997824
218.024588
223.789934
223.172722
222.321973
226.336005
203.433420
231.156338
243.617119
258.819319
-235.973761
201.324174
258.174186
169.118427
180.294702
280.931641
214.239118
221.518929
220.160247
224.859833
218.476482
215.906248
213.166755
231.349745
231.332734
217.109919
222.846769
220.217119
224.541827
223.823286
232.717887
246.955965
259.177019
237.577071
238.201508
227.238058
208.101001
186.980257
198.109286
217.950903
222.892110
221.000004
222.166815
221.141789
211.000000
201.449177
205.999632
211.419855
213.201922
213.000001
213.290395
214.878732
219.546837
224.189828
228.578403
222.459436
219.461008
218.405662
218.853327
221.290246
224.912331
219.872600
213.553873
222.375084
225.044828
222.276793
212.344205
213.832645
218.708487
221.063216
218.166649
217.125417
216.260048
218.428218
219.000001
219.291610
219.289434
217.291617
217.136149
219.014601
221.963591
220.853158
219.000000
218.029634
217.999999
218.416727
219.039857
218.832008
216.661895
213.149722
214.887039
217.000000
217.941758
217.291498
217.000000
217.708496
218.291555
218.928829
218.291609
217.291610
217.416867
217.372406
217.916989
218.416852
219.378900
221.821677
221.492245
220.291792
219.291791
219.416501
217.974842
218.731947
218.498254
219.895043
219.893217
218.400369
218.708284
219.000000
219.000000
219.000000
219.000000
219.000000
219.000000
219.000000
219.000000
219.000000
219.000000
219.000000
217.583452
216.416696
215.971593
216.999998
217.574253
217.135440
218.000000
220.279040
220.166884
220.428247
218.724805
218.708275
219.000000
219.000000
219.000000
219.708273
220.291758
220.851062
220.291790
215.042524
210.959397
207.785551
212.251954
214.844463
215.000001
214.582807
214.550402
213.450559
213.708617
214.000000
214.708613
215.291416
215.128138
214.708581
214.456368
215.542904
214.582908
213.708572
213.168122
212.999999
212.708620
212.879028
214.000000
215.536884
214.874312
214.535434
214.173863
214.291441
213.824761
212.884547
213.176601
214.531388
214.291426
213.291427
213.417190
213.471220
213.819609
213.708591
214.181591
215.817888
216.108772
215.291484
214.291484
214.417075
211.642599
210.357390
208.745854
211.126034
212.812577
213.000001
212.582738
212.519678
211.480896
211.708646
212.708646
212.582755
212.517158
212.191985
213.000000
213.807122
212.582813
211.708614
211.194385
211.708631
212.000000
211.291372
211.417294
212.196629
213.094352
215.637111
215.238019
218.459093
219.562956
220.569854
220.819304
213.099570
215.644563
214.612871
217.844150
214.277921
215.148256
216.547011
214.605735
216.392567
216.072518
226.055611
222.458409
230.546541
228.501985
225.795055
225.291849
224.291847
224.416346
223.790297
224.917599
224.791052
225.500457
226.000001
225.583719
225.499318
224.501105
224.708161
225.708163
226.291854
226.789374
226.291870
226.000000
225.291867
224.708153
224.212468
225.416343
227.000001
227.370337
226.078105
224.922270
224.506309
225.201582
224.506967
225.416363
225.583669
226.200332
225.800044
226.491539
226.291849
225.291847
224.708172
224.926071
226.000000
225.365179
223.708194
222.438308
224.124679
226.000001
225.655490
223.779743
222.149395
223.637288
223.654205
220.070238
214.665794
211.792191
212.696399
218.405311
223.234567
222.118957
214.806556
207.702671
206.894318
205.607087
208.186894
210.516082
211.549732
209.582285
208.643377
209.934683
211.774025
211.356101
210.000000
209.935480
211.000000
211.773016
212.000001
210.873522
211.607825
211.329101
212.252961
211.291178
210.228379
211.417668
212.291179
212.771104
211.582387
212.126455
211.394315
212.375999
210.624619
210.896419
210.521450
211.417646
211.582380
211.478041
210.522173
211.417639
212.291192
212.768545
211.582414
210.708806
210.940825
211.291194
211.476464
210.523740
210.708815
211.000000
210.291185
208.291170
207.360041
207.467257
209.892880
210.582289
210.765962
210.291158
210.000000
209.291158
209.417707
209.525995
210.473881
209.582323
210.126547
210.817757
212.237773
210.873563
210.417648
210.527194
211.472686
211.291190
210.291190
213.961718
211.314326
210.667422
206.353249
208.598155
214.487368
212.260853
216.080827
212.975174
214.063869
209.515059
207.490978
207.006337
210.723337
210.277104
210.827937
208.881597
211.305043
212.164882
219.318368
221.607709
220.898731
210.758110
207.869500
211.188667
214.406404
211.696241
209.417678
211.025274
213.114089
214.746085
212.823223
213.658586
215.341344
216.226514
215.823702
214.632264
213.176052
213.851442
212.329717
212.412028
207.733760
210.186537
212.242371
211.164589
212.768099
215.019094
218.854258
218.902348
214.407787
214.078368
214.825576
215.222208
214.243456
214.243559
215.465169
213.164740
211.126569
210.441198
210.999997
211.882367
211.071145
212.173255
212.291113
211.291113
211.417793
211.536092
211.754920
211.708897
210.118659
211.299151
211.364360
212.926639
211.873357
211.417782
211.537026
212.462896
212.291120
212.000000
211.291120
212.126665
212.828737
213.506870
212.291131
211.246798
211.708879
212.000000
212.000000
212.708879
213.291130
213.752666
213.291140
213.000000
212.291139
212.417739
211.830114
212.878713
212.830291
213.460780
212.582286
210.999999
209.957307
209.957412
210.708898
211.000000
212.417796
210.746738
210.046641
209.287438
212.877594
215.083877
213.624109
211.291124
209.958379
208.540701
212.380237
216.663689
221.501998
215.285448
209.962389
208.751027
213.335349
218.335293
221.414503
225.331163
222.578009
218.000001
215.042856
221.506789
223.744179
223.412053
215.750901
214.006657
215.960072
217.875606
217.124540
218.584378
219.124690
220.914856
219.455510
218.166144
216.794692
218.126773
219.291083
219.747999
218.582184
219.126748
219.125541
223.457807
223.163647
222.864694
221.048687
222.252557
225.659947
220.911760
219.836054
219.682225
222.405888
224.582505
219.544837
218.823187
217.773631
220.999996
222.732679
219.089418
217.507365
218.164115
217.962793
216.836054
219.708713
221.672282
224.692778
222.492405
220.417840
220.508607
218.909920
219.417198
219.437009
225.235399
225.783033
225.199585
218.457312
215.544080
212.204987
215.162176
217.673301
220.255224
223.525237
220.526226
214.290955
217.949044
221.967155
220.769683
213.860071
208.340314
221.190694
214.596863
217.035436
206.419089
215.213946
217.454071
216.239424
210.708881
203.219259
211.921079
219.099000
224.688732
222.523955
219.130262
219.451923
218.582231
218.417785
217.839406
218.160564
218.257301
217.582212
217.160385
215.806135
219.253460
219.328915
216.678167
212.031388
211.191596
214.286959
216.966946
220.742026
218.136396
210.483502
202.518240
204.834536
209.258505
210.933505
208.131212
207.386191
208.258750
209.450376
208.581681
208.418333
208.549794
210.159343
212.000002
211.195213
209.900068
206.650238
209.673289
214.550082
214.998841
213.349441
209.751540
212.026850
212.581724
209.872584
207.418344
206.197606
206.968982
208.158589
209.678285
211.581596
211.801823
210.000002
209.520083
208.612318
208.285943
206.913294
210.734799
212.163204
211.770195
210.290809
209.260421
209.709198
210.000000
210.000000
209.290802
209.418409
209.551502
210.448468
210.290803
210.709198
210.581617
211.157490
210.133406
210.866590
209.424336
210.284893
209.685571
209.896033
208.552062
207.970497
208.709204
208.290795
208.418422
208.552270
208.738485
208.709212
208.552397
209.447575
209.290796
210.418409
211.581606
212.476483
210.872449
210.418381
209.843538
210.865642
211.552790
212.738001
212.319599
211.709180
209.425467
207.865413
207.205267
208.262305
209.893773
210.262379
211.290784
211.765923
210.290793
208.553333
207.709224
208.390331
209.553436
210.474614
209.290776
208.972013
211.418449
215.446428
216.219064
215.920685
212.270704
215.829035
216.434134
219.386561
217.115840
217.601426
217.581695
217.000000
217.000000
217.000000
217.000000
217.000000
217.000000
217.000000
217.000000
217.000000
217.000000
217.000000
217.000000
217.000000
217.000000
213.454232
211.255257
209.610100
212.991478
213.872354
214.154498
211.717980
208.445172
208.048034
211.501713
218.780497
220.506848
219.789038
215.035313
213.964909
213.929491
216.334830
216.290738
216.264404
217.735576
218.026291
217.290751
217.000000
217.000000
216.290750
215.709257
215.973950
217.000000
217.025990
216.709258
213.009378
213.827995
213.069171
213.358743
209.555779
207.188558
212.230496
216.606842
218.939409
218.162697
218.025491
218.025466
217.290687
216.290686
216.418640
216.556047
218.153254
217.872075
217.443861
216.556189
216.709313
217.000000
217.000000
217.000000
213.453428
211.256209
211.747768
212.606049
212.039979
206.783036
209.094181
213.532001
214.654895
214.330105
211.517442
215.433563
217.453045
219.620461
219.453092
219.467716
218.581256
218.000000
218.000000
218.000000
217.290627
217.418757
217.557004
217.024208
216.418774
214.404873
212.442862
211.370990
209.671652
210.014063
208.800256
207.557277
208.280818
207.381551
209.571230
212.000002
214.023595
214.337651
213.023555
211.557464
210.999999
209.290477
209.105230
213.372321
214.080066
213.211995
207.636971
209.409036
210.848219
211.442238
209.161906
212.804784
213.997312
217.118345
213.126389
211.419008
211.709511
214.105539
218.290483
217.963420
216.302962
210.952861
210.164002
206.651865
206.793077
208.267785
209.151403
209.267842
209.290395
208.732104
208.687147
208.848734
209.883295
208.848796
208.709608
209.709609
210.290395
210.022307
208.290396
207.687385
208.268184
208.731792
208.000000
207.268273
207.709619
208.000000
208.709620
209.290384
210.441247
212.000002
211.183573
210.591988
208.676614
209.860352
210.290393
212.128825
213.161589
213.903979
211.430235
210.419200
210.268646
212.128810
212.871208
212.462597
209.849565
209.397603
210.268802
212.150404
213.290396
214.021559
214.021543
213.290405
213.000000
212.290404
210.290396
208.688267
208.247742
209.419272
210.000000
210.000000
210.709637
211.290367
212.440464
211.161507
210.150039
208.828908
209.419277
210.709639
211.290364
211.730663
211.290369
211.000000
211.000000
210.290368
208.999999
208.688789
209.269519
210.440112
209.580716
208.709647
208.979265
210.000000
210.730353
209.580716
210.128938
210.140798
210.879830
209.850490
209.709640
210.000000
210.000000
210.000000
210.000000
210.000000
210.000000
210.000000
210.000000
210.709641
211.290363
211.729999
211.290367
211.000000
211.000000
211.000000
211.000000
211.000000
210.290367
209.709638
212.108747
213.451827
214.338435
210.992447
209.419272
208.979963
209.689634
211.000000
211.019980
210.000000
209.270428
210.419301
211.290352
211.729528
210.580714
212.548223
213.722310
217.466168
215.883923
216.736549
216.702613
217.458895
217.019805
215.560995
214.290379
213.419266
211.122157
212.967553
212.283694
214.864896
211.716323
209.735856
205.664348
206.509719
208.561245
209.877490
208.851601
208.709696
209.000000
209.000000
209.000000
209.709697
210.290306
210.728901
210.290311
210.000000
209.290310
209.419389
209.561510
209.728782
209.000000
208.271268
208.709698
209.000000
209.709699
210.290304
210.728657
210.290309
210.000000
210.000000
210.000000
210.000000
210.000000
210.000000
210.000000
210.000000
209.290308
209.419392
209.561877
210.438114
209.580619
209.419390
209.561951
210.438040
209.580621
209.419388
209.562025
209.728269
209.000000
208.271780
209.419394
209.580613
210.147572
209.142780
209.147531
208.562194
208.709696
209.000000
209.000000
209.000000
209.000000
209.000000
209.000000
209.000000
209.000000
209.000000
208.290304
208.419400
208.562415
209.437576
209.290305
209.000000
209.000000
209.709696
209.580616
210.147175
209.852855
210.437448
210.290313
210.000000
209.290312
209.419384
209.562644
210.437347
209.580626
209.419382
209.562713
210.437279
209.580628
209.419380
208.853100
209.856592
209.143454
209.146863
209.272539
209.290310
210.146819
209.853210
210.437097
210.290316
209.290315
208.709690
208.982357
210.000000
210.727312
210.290314
209.290313
209.419380
209.563071
210.436921
210.290315
210.709686
210.580634
211.146548
209.434147
209.565888
210.545755
210.598059
209.163855
208.238230
209.563256
210.890810
209.563302
209.982689
213.146384
213.888246
212.744271
209.853696
208.692470
208.982798
208.290293
208.838854
210.546287
212.743999
212.743976
210.144092
209.419417
209.982931
210.290290
211.146178
210.144154
210.146143
209.563594
210.419421
211.290292
211.726669
210.580592
210.419416
209.853979
210.855731
210.144311
210.145988
209.563747
210.419417
211.290294
211.726519
211.290298
211.000000
210.290297
209.709707
209.983274
211.000000
211.016704
210.000000
209.273630
210.419420
210.580586
210.436042
210.983389
210.161182
209.581727
207.401834
208.129162
209.000000
209.000000
209.000000
209.709721
210.290281
211.435896
210.870861
210.435864
210.273869
211.000000
211.016397
210.000000
209.273930
209.709716
210.000000
210.000000
209.290283
208.709721
208.274025
207.290271
208.548666
209.418937
212.307001
212.161108
211.725922
211.290280
210.290279
208.999999
210.113061
211.144976
213.306718
212.435299
212.435543
211.580568
210.709721
210.983951
212.000000
212.725754
211.580567
209.999999
208.984041
209.693788
210.290267
211.145123
210.854902
211.435364
210.580546
210.419462
209.854962
210.854772
210.854985
211.435283
211.290274
211.709727
212.290276
213.435243
212.870844
213.144938
213.564797
213.306040
212.435176
210.129719
211.548629
213.564863
214.031364
212.725382
210.839566
211.419453
212.000000
211.290273
211.419461
210.855257
211.144744
211.274738
212.000000
212.015512
211.709732
211.565055
212.434939
212.290273
212.000000
212.000000
212.000000
212.709728
212.580551
212.434852
211.565171
211.709727
212.000000
212.000000
211.290272
210.709732
211.694438
212.580539
212.450014
210.565293
209.984766
210.709736
211.000000
211.000000
211.000000
211.000000
211.000000
211.709737
211.580533
212.144339
211.855684
211.724844
211.000000
210.275191
210.709737
211.709738
212.290265
212.015036
211.000000
210.984995
212.000000
212.014987
211.000000
209.565580
210.129228
211.275335
212.014918
211.724646
210.565635
210.709740
211.000000
211.709741
211.580525
211.434316
210.565705
211.419479
211.580526
211.434268
210.565753
211.419477
211.580528
211.434220
211.275533
210.580526
210.143929
208.841426
209.419495
210.000000
210.000000
210.000000
210.000000
210.000000
210.000000
210.000000
210.000000
210.709748
210.580510
210.434039
210.275722
211.000000
211.014517
209.290255
208.695277
209.275785
210.433960
210.290251
210.000000
210.709750
210.580507
209.724152
208.275871
207.985636
208.709758
209.000000
209.000000
209.000000
209.709758
210.290244
210.014297
209.709757
208.856467
209.853293
209.856485
210.433759
210.290248
210.000000
210.000000
210.000000
210.000000
210.000000
210.000000
210.000000
209.290247
209.419511
209.566363
210.433632
210.290249
210.000000
210.000000
210.000000
210.000000
210.709752
210.580501
210.433550
209.566469
209.709751
210.000000
210.000000
210.000000
209.290248
209.419511
209.566539
210.433457
210.290249
210.000000
210.000000
210.000000
210.000000
210.000000
210.000000
210.000000
210.000000
210.000000
210.000000
210.000000
210.000000
210.000000
210.000000
210.000000
210.000000
209.290248
209.419510
208.857001
209.852757
209.857018
210.433227
210.290250
210.000000
210.000000
210.000000
210.000000
210.000000
210.000000
210.000000
210.000000
210.000000
209.290249
209.419508
209.566905
210.433091
210.290250
210.000000
210.000000
210.000000
210.000000
210.000000
210.000000
210.000000
210.000000
209.290249
209.419507
209.567030
211.852473
212.870747
212.736675
212.000002
210.147581
209.142690
208.263466
208.986620
210.432903
210.290237
210.000000
210.000000
210.709764
210.580477
210.432848
209.567170
209.709763
210.000000
210.000000
210.000000
210.000000
210.000000
210.000000
210.000000
210.000000
210.000000
210.000000
210.000000
210.000000
210.000000
210.000000
209.290236
209.419533
209.567332
210.432664
210.290237
210.709764
211.290238
211.722873
211.290241
211.000000
211.000000
210.290240
209.709763
209.277193
209.709766
210.000000
210.000000
210.000000
210.000000
209.290233
209.419539
209.567499
210.432498
210.290234
210.000000
210.000000
210.000000
210.000000
210.000000
210.000000
210.000000
210.000000
210.709767
210.580472
211.142163
210.148103
210.142142
210.277400
210.290236
211.142119
210.148146
210.142099
209.567684
209.709765
210.000000
210.000000
210.709766
211.290236
211.722516
210.580480
209.709764
209.277523
209.709767
210.000000
210.709768
211.290234
211.012678
210.000000
209.277583
209.709768
210.000000
210.000000
210.000000
210.000000
210.000000
209.290231
209.419543
209.567890
210.432107
210.290232
210.000000
210.000000
210.000000
210.000000
210.000000
210.709769
210.580468
210.432034
209.567983
210.419535
210.580469
210.431999
210.277779
210.290233
210.431975
209.568041
210.419534
210.580470
210.431941
209.568076
209.709767
210.000000
210.000000
210.000000
210.000000
210.000000
210.709767
212.000001
213.012341
212.302571
211.709765
211.568157
211.722074
209.580470
207.697523
207.975519
209.709782
210.722014
211.000001
210.580442
211.141559
210.148690
210.851318
210.148711
210.141520
210.278047
210.290222
210.431719
209.568297
209.709779
210.000000
210.709780
210.580445
210.431672
210.278117
210.290221
211.141432
210.148817
210.141413
209.568382
210.419556
210.580448
210.431602
209.568414
210.419554
210.580450
211.141349
210.148903
210.141330
209.568462
209.709776
210.000000
210.000000
210.000000
210.000000
210.000000
210.000000
210.000000
210.000000
210.000000
210.000000
210.000000
210.000000
210.000000
210.000000
210.000000
210.000000
209.290223
208.709780
208.278393
209.419563
209.580441
210.141155
209.858860
210.431360
209.580448
208.709780
208.278452
208.709782
209.000000
209.709783
210.290219
210.011739
209.709782
208.858941
209.850843
209.858953
210.431267
210.290223
209.290222
208.709781
208.278553
209.419566
209.580438
210.140999
209.859016
209.721419
209.709783
208.859040
208.431179
207.988408
208.988409
212.850742
215.591990
215.324974
213.011579
210.847486
211.419600
212.709801
213.290201
213.011542
212.000000
211.278682
211.709801
212.709802
214.709804
216.301703
214.603395
208.870564
207.515027
211.534774
216.884890
219.163737
215.180471
