-1
-1
-1
-1
-1
0.999692
0.999692
0.999692
0.999692
0.999692
0.999692
0.999692
0.999692
0.999692
0.999692
0.999692
0.999692
0.999692
0.999692
0.999692
0.999692
0.999692
0.999692
0.999692
0.999692
0.999692
0.999692
0.999692
0.999692
0.999692
0.999692
0.999692
0.999692
0.981136
0.975150
0.973541
0.973439
0.973842
0.974399
0.975025
0.975620
0.976187
0.976729
0.977246
0.977740
0.978212
0.978665
0.979099
0.967035
0.963298
0.962460
0.962620
0.963112
0.963706
0.964344
0.964959
0.965554
0.966128
0.966683
0.967220
0.957914
0.955122
0.954597
0.954853
0.946373
0.943939
0.918780
0.910785
0.908780
0.908854
0.909653
0.910669
0.911790
0.912882
0.913948
0.914988
0.916003
0.916994
0.917962
0.918907
0.919831
0.920734
0.921616
0.922480
0.923324
0.924150
0.924958
0.925750
0.926524
0.927283
0.928025
0.928753
0.929467
0.930166
0.930851
0.931523
0.932182
0.932828
0.933462
0.934084
0.934695
0.935294
0.935883
0.936460
0.937028
0.937585
0.938132
0.938670
0.939198
0.939718
0.940229
0.940730
0.941224
0.941710
0.942187
0.942656
0.943118
0.943573
0.944020
0.944461
0.944894
0.945320
0.945740
0.946154
0.946562
0.946962
0.947357
0.947747
0.948130
0.948508
0.948880
0.949247
0.949609
0.949966
0.950317
0.950664
0.951006
0.951342
0.951675
0.952003
0.952326
0.948519
0.947414
0.947253
0.947419
0.947698
0.948013
0.948345
0.948674
0.948997
0.949318
0.949633
0.949946
0.950253
0.950557
0.950858
0.951155
0.951448
0.951738
0.952025
0.952308
0.948968
0.947996
0.947852
0.947995
0.948237
0.948511
0.948802
0.949088
0.949372
0.949652
0.949929
0.950203
0.950475
0.950743
0.951008
0.951271
0.951531
0.951788
0.952042
0.952293
0.952542
0.952788
0.953032
0.953273
0.953512
0.953748
0.953982
0.951098
0.947181
0.945985
0.945740
0.945825
0.946026
0.946271
0.946530
0.946786
0.947040
0.944375
0.932268
0.925489
0.923345
0.922822
0.920166
0.919477
0.919490
0.919731
0.920045
0.920383
0.920731
0.921077
0.918828
0.918269
0.918302
0.918539
0.918846
0.919176
0.914518
0.913123
0.912869
0.913014
0.910865
0.907947
0.907180
0.907154
0.907387
0.907708
0.908063
0.908427
0.906464
0.906016
0.906098
0.906363
0.906691
0.907038
0.907395
0.907749
0.908101
0.908450
0.906568
0.906139
0.906217
0.904282
0.903836
0.903910
0.904169
0.904486
0.904822
0.905168
0.905511
0.905852
0.906190
0.906526
0.906859
0.905100
0.902634
0.899947
0.899235
0.899213
0.899431
0.899736
0.900069
0.900411
0.900751
0.901088
0.901423
0.901755
0.902085
0.902414
0.902739
0.903063
0.903384
0.903704
0.904021
0.904337
0.904650
0.899253
0.897579
0.895340
0.894775
0.894795
0.889532
0.887930
0.887597
0.887711
0.887977
0.888295
0.888639
0.887210
0.883433
0.882342
0.882191
0.880648
0.880340
0.880467
0.880749
0.881077
0.881419
0.881768
0.882116
0.882461
0.882804
0.883146
0.883485
0.883822
0.884158
0.884491
0.884822
0.885152
0.885480
0.885806
0.886130
0.886453
0.886773
0.887091
0.887408
0.887723
0.886429
0.881425
0.879888
0.879564
0.879664
0.878358
0.878119
0.878257
0.878518
0.878821
0.879138
0.879461
0.879782
0.880101
0.880419
0.880734
0.879542
0.879331
0.879462
0.879712
0.880002
0.880305
0.880615
0.880923
0.881229
0.881534
0.881838
0.882140
0.882440
0.882739
0.883036
0.883332
0.883626
0.883919
0.884210
0.884500
0.884788
0.885075
0.885360
0.885645
0.885927
0.886209
0.886489
0.886767
0.887044
0.885914
0.884303
0.883921
0.883969
0.884167
0.884417
0.884686
0.884962
0.885236
0.885509
0.885781
0.886051
0.886320
0.886587
0.886854
0.885770
0.885564
0.885664
0.885872
0.886116
0.885043
0.884841
0.884942
0.885148
0.884078
0.883875
0.882675
0.882428
0.882514
0.882715
0.882958
0.883213
0.883474
0.883734
0.883993
0.882976
0.881523
0.881184
0.881235
0.880169
0.879966
0.880066
0.879033
0.878841
0.878944
0.879150
0.879391
0.879643
0.878679
0.878510
0.878618
0.878823
0.879061
0.878105
0.876741
0.875241
0.874886
0.874930
0.875115
0.875349
0.875600
0.875857
0.876113
0.876367
0.876621
0.876873
0.877125
0.877375
0.877624
0.876716
0.876560
0.874376
0.873776
0.873730
0.873877
0.874094
0.874333
0.873455
0.873310
0.873422
0.873623
0.873855
0.874096
0.874343
0.874588
0.874833
0.875077
0.875319
0.875561
0.875802
0.876042
0.876281
0.876519
0.875663
0.875518
0.875621
0.874728
0.873491
0.873215
0.873275
0.873451
0.873667
0.873899
0.874135
0.874370
0.874605
0.874838
0.875071
0.875303
0.875534
0.875764
0.874944
0.874806
0.872826
0.872283
0.872245
0.872382
0.872582
0.872802
0.873032
0.873262
0.873490
0.873718
0.873945
0.874171
0.874396
0.874620
0.872821
0.870334
0.869612
0.868515
0.868281
0.868349
0.868525
0.868740
0.868964
0.869192
0.869419
0.869645
0.869871
0.870096
0.870319
0.870543
0.870765
0.870987
0.871208
0.871428
0.871648
0.871867
0.872085
0.870381
0.869927
0.869911
0.870048
0.868340
0.867886
0.866933
0.866743
0.866821
0.866991
0.867197
0.867412
0.867631
0.867849
0.867139
0.866109
0.864972
0.864716
0.864770
0.864932
0.865132
0.865345
0.864654
0.864554
0.863758
0.863621
0.863715
0.862099
0.861678
0.861673
0.861816
0.862008
0.861331
0.861240
0.859593
0.859159
0.859151
0.859290
0.859483
0.859692
0.858178
0.857791
0.857798
0.857943
0.858135
0.858344
0.858561
0.858778
0.858994
0.859209
0.859424
0.859638
0.859852
0.860064
0.860276
0.860487
0.859854
0.859769
0.859037
0.858918
0.859013
0.859183
0.859381
0.859585
0.859795
0.860003
0.860211
0.860418
0.859797
0.858891
0.858709
0.858780
0.857305
0.856925
0.856928
0.857067
0.857250
0.857448
0.857655
0.857861
0.858067
0.858272
0.858476
0.858679
0.858882
0.859084
0.859286
0.859488
0.859689
0.859889
0.860088
0.860287
0.860485
0.859890
0.859811
0.859912
0.859287
0.859197
0.859294
0.858675
0.858586
0.858683
0.858847
0.859032
0.859223
0.859419
0.859614
0.859809
0.860003
0.860196
0.860388
0.860581
0.860773
0.860964
0.861155
0.861345
0.861535
0.861724
0.861912
0.862100
0.861526
0.861447
0.861541
0.860938
0.860849
0.860940
0.860342
0.860254
0.859596
0.859489
0.859573
0.859724
0.859900
0.860082
0.860267
0.860453
0.860638
0.860082
0.860008
0.860102
0.860254
0.860426
0.860606
0.860788
0.860971
0.861153
0.861334
0.861514
0.860966
0.860891
0.860982
0.861130
0.861299
0.861474
0.861653
0.861831
0.862009
0.861467
0.861392
0.860050
0.858984
0.858018
0.857797
0.857839
0.857970
0.858135
0.858310
0.858489
0.858667
0.858845
0.859022
0.859198
0.859375
0.859551
0.859727
0.859902
0.860077
0.860251
0.860424
0.860598
0.860771
0.860943
0.861115
0.861287
0.861458
0.861628
0.860422
0.860111
0.860114
0.860225
0.860375
0.860539
0.860709
0.860879
0.861048
0.861216
0.861384
0.861552
0.861720
0.861887
0.862054
0.862220
0.862386
0.862552
0.862717
0.862882
0.863046
0.863210
0.863373
0.863536
0.863699
0.863862
0.864024
0.864186
0.864347
0.864507
0.864668
0.864828
0.864988
0.865147
0.865306
0.865464
0.865623
0.865780
0.865938
0.866095
0.866252
0.865750
0.865676
0.865752
0.865225
0.865142
0.865215
0.865343
0.865488
0.865641
0.865796
0.865951
0.866105
0.865611
0.865538
0.865613
0.865740
0.865883
0.866033
0.865544
0.865471
0.865546
0.865671
0.865814
0.865962
0.866114
0.865629
0.864923
0.864775
0.864822
0.864937
0.865075
0.865223
0.865374
0.865525
