-1
-1
-1
-1
-1
218.936343
218.780611
220.014206
219.806614
221.024405
221.454229
221.605505
221.658746
221.675036
221.037791
220.166863
219.860341
221.040866
220.812147
220.087448
220.477818
219.972230
222.371098
221.924523
220.480171
218.684653
221.916714
222.411254
225.157218
221.616688
215.219434
221.345012
221.560944
221.638166
221.016244
221.450133
221.612634
221.009707
217.580169
218.949959
222.010088
221.153263
221.495908
220.329320
221.213268
221.519475
220.333942
222.497178
232.276134
233.787661
234.961394
236.018690
235.749049
225.342015
215.220114
212.949807
214.726361
215.350392
215.571243
218.245370
219.198767
215.022448
211.615096
210.415885
210.638027
210.711312
210.737105
211.398955
211.635565
212.363042
217.127268
218.804029
218.749959
219.373908
218.949303
216.866032
219.345271
221.506239
218.402798
217.309323
218.214106
221.757227
219.777089
217.145127
216.226159
217.191134
217.528307
217.640853
216.398180
216.608699
216.682791
216.706418
217.358937
217.588589
217.027661
216.184817
217.176584
218.169837
218.518186
217.996585
217.814233
217.751278
217.082471
217.490063
218.277717
216.623547
215.397163
214.965539
215.459057
215.631525
215.691001
215.715606
215.725490
216.373171
216.599897
216.679693
216.707777
216.073459
216.494414
216.641344
216.048853
217.128732
218.152996
218.514708
218.640787
218.685161
218.057800
218.478755
217.337281
217.579743
218.309280
217.921836
217.786701
217.737916
217.723194
217.716789
217.713310
217.713310
217.713310
217.713310
217.713310
217.713310
217.713310
217.713310
217.713310
217.713310
216.424906
215.971454
216.456065
215.982420
215.815722
216.401255
216.609781
217.971576
217.805431
217.748181
217.728031
217.719716
217.716789
217.713310
217.713310
218.357513
218.584239
218.664034
218.692118
214.192586
212.608984
212.694616
212.724754
212.735361
213.383296
212.975704
212.832252
212.780541
212.762341
212.755935
213.396659
213.623385
213.058978
213.504539
213.661353
213.716543
213.090541
212.870221
212.793903
212.121617
211.885007
212.445935
212.644577
213.358691
212.965820
212.828774
213.424743
212.989067
212.191529
212.553815
212.682545
212.727851
212.742573
212.104776
212.525731
212.672661
212.080170
212.515847
213.313385
213.595301
213.693297
213.727786
213.096946
213.517902
211.088022
210.232831
210.576050
210.696845
210.740583
211.398955
210.991362
210.847911
210.796199
210.777999
211.415796
210.994841
210.847911
211.440402
211.648928
211.722318
211.102721
210.885879
210.809562
210.781478
210.771594
210.123913
210.541389
211.332522
210.966757
213.414836
212.988029
214.771646
217.330769
216.297617
217.223630
213.035225
216.072988
215.850046
213.835302
213.774091
216.326909
214.012927
211.901551
218.247130
214.042095
219.647142
221.614931
222.957814
223.432888
223.586622
223.652972
223.018654
223.439609
222.942337
223.411525
223.576655
223.634772
224.300653
223.889582
223.746130
223.694419
223.676219
224.314016
224.537263
224.617059
224.645143
224.655027
224.014303
223.787577
223.707781
224.323900
225.184944
224.843784
224.080736
224.456385
223.944391
223.762972
223.697897
224.320421
223.896539
224.390333
224.565347
224.626943
224.648621
224.010824
223.787577
224.351984
224.550626
223.332133
222.903286
222.753579
223.345092
224.196252
223.207411
222.217637
222.513490
223.261817
221.591358
219.069612
216.896132
214.843999
214.764733
218.600825
219.310401
216.342796
214.656600
211.488785
209.728452
208.457357
209.299627
209.602184
209.065690
208.237567
208.591537
209.361543
209.630097
209.080411
208.888175
209.465944
209.668065
209.737976
210.406784
209.354989
210.273217
210.595161
210.064266
209.877419
209.810434
210.433510
210.650351
210.726668
210.110550
211.182113
210.270843
210.593101
210.062317
209.875508
209.810986
210.430031
210.006149
209.855740
209.804028
210.430031
210.650351
210.726668
210.110550
209.893708
210.461594
210.016033
209.859219
209.804028
209.785829
209.779423
209.131742
207.616612
207.727567
207.766617
208.424563
208.656126
208.738848
208.770411
208.780295
208.139571
208.557048
208.703978
208.755690
208.129687
209.197772
209.574906
209.706414
209.108495
209.542261
209.696149
209.747861
209.766060
209.128263
212.770230
208.897171
208.178257
209.213641
208.289638
211.830875
209.848850
212.382086
211.984025
211.197277
208.990224
208.850312
208.162989
209.847573
208.510301
208.685077
208.750262
210.060384
209.878501
216.252838
216.567341
213.455793
211.072285
212.163572
211.904670
211.801307
210.480197
209.377154
211.568198
211.691457
211.091859
211.525034
212.968343
212.833335
213.425124
214.278830
212.647907
212.072683
214.444594
210.771192
210.765525
210.118104
209.893918
211.103421
209.591599
211.000694
214.070983
214.508587
214.018399
213.199227
214.202999
213.908399
213.155616
213.536101
213.671237
213.720022
211.802136
211.128364
211.536658
210.390727
210.631621
210.716403
210.749915
210.761710
210.120434
210.541389
210.688319
210.095829
210.531505
209.396436
210.286580
210.598640
210.708469
210.104145
210.534432
210.688319
210.740031
210.758231
210.764637
210.123913
211.185592
211.559248
211.046553
210.866111
210.802605
210.781478
210.771594
210.768115
211.412318
211.639043
211.718839
211.746923
211.756807
211.116084
211.533560
211.036288
211.505476
211.670606
211.728723
211.106200
210.241677
209.938634
209.830754
209.792786
209.779423
211.064349
208.940992
208.837882
210.089997
211.174880
211.556702
211.044433
210.224835
209.935155
208.542349
211.916144
214.391949
215.264529
211.063439
210.873278
212.097205
211.876415
215.017272
218.055298
219.133096
217.577369
217.027385
216.190841
221.043919
220.171468
217.931803
216.503028
216.644376
216.051145
216.476766
215.987257
217.107053
217.502388
218.284503
217.272587
216.915220
216.790670
217.388589
217.599025
217.671864
217.055745
218.127308
217.860240
220.986034
220.153544
219.216349
220.820336
221.382407
222.225654
218.651098
219.973521
221.084373
219.539055
222.216195
218.647768
217.399213
220.175901
219.863522
218.468849
218.616077
218.032262
217.182587
217.521626
216.354994
218.523658
219.929893
220.426040
219.313477
219.564891
220.300026
217.332847
218.864139
220.047276
221.754533
221.709972
222.337267
217.410545
216.960102
216.156142
215.226539
216.833198
218.685840
219.347668
217.001339
214.244170
220.361240
219.933649
213.982889
215.753744
213.160879
219.338224
211.835826
214.353887
210.741716
214.616692
215.986605
211.301657
210.315365
208.025840
213.026437
216.064998
216.490212
217.293862
217.575481
217.678269
217.059224
217.483106
216.989312
216.814298
217.396905
216.313547
215.933486
215.798500
218.329025
216.642830
214.115545
213.872722
213.143059
213.530458
215.594512
217.614254
213.819355
209.905714
207.885336
209.105651
208.887263
208.163751
207.273480
207.609251
207.728649
207.766998
207.137517
207.561399
207.711807
208.407721
209.941052
208.548098
208.059074
207.241537
209.530615
212.267635
210.007464
210.504078
210.678861
210.741600
210.758783
208.828551
207.511128
207.689218
207.107693
206.903027
208.763602
209.422101
208.366678
208.638202
209.379191
207.063171
207.532784
207.698064
209.047087
209.520649
209.041891
208.878291
208.818263
208.797137
208.787252
208.783774
208.139571
208.557048
208.703978
208.755690
208.773890
209.424497
209.010500
209.507772
209.038584
209.517656
208.397860
209.290930
208.962267
208.201167
207.934524
207.839455
207.808445
207.150879
207.564877
207.711807
207.119317
207.554993
207.708329
207.763519
207.781719
209.076529
209.533459
209.693051
209.105017
209.542261
209.051946
209.521135
210.330467
210.615310
210.072582
210.524548
208.752234
207.483044
208.323536
207.975143
207.853751
209.098208
209.539865
209.052327
208.878291
208.174061
207.282006
208.254005
208.596098
208.073519
207.889599
208.470295
209.964299
212.420269
211.996239
212.492429
211.378657
214.850657
214.137566
215.171326
215.537605
215.665292
215.712679
215.722011
215.728969
215.728969
215.728969
215.728969
215.728969
215.728969
215.728969
215.728969
215.728969
215.728969
215.728969
215.728969
215.728969
212.507957
212.018530
211.846277
212.429856
211.991042
212.480805
210.726691
208.175502
209.854426
211.732500
214.327316
215.239333
215.563988
213.105114
214.167427
214.538858
214.021707
214.483899
215.290769
215.579642
215.677638
215.712127
215.725490
215.728969
215.084766
214.858041
215.422447
215.621089
215.046798
215.488880
212.424683
213.923053
213.804975
211.186609
209.622101
209.714454
212.329888
213.245488
214.213159
215.202828
215.552365
215.674159
215.712127
215.081288
215.502243
215.649173
216.345087
215.945811
215.805286
215.757053
215.738853
215.732448
215.728969
215.728969
212.507957
212.018530
213.778884
211.177426
210.261847
208.651207
210.023073
212.437282
210.706476
211.391848
211.633064
213.653015
214.360260
215.893905
216.438566
216.627810
216.694414
216.714182
216.721140
216.721140
216.076937
216.494414
216.641344
215.404651
215.613601
214.398736
212.039784
212.496736
210.724952
209.459622
209.657269
207.796673
207.789714
207.784817
208.430968
209.948009
211.124907
210.898585
210.817707
210.789242
210.133797
208.612261
209.363940
212.850728
210.212682
209.928429
209.185409
209.570555
209.703658
209.744382
207.833453
212.313300
211.958591
211.832528
211.788160
211.128342
210.899794
213.386371
215.553596
213.095334
214.162761
211.962855
209.900197
208.525149
208.682957
208.100416
207.891719
208.467368
208.028213
207.230675
208.237164
207.948417
207.846794
207.809803
207.798008
208.439284
208.662531
208.098125
207.255280
207.602845
207.725170
207.122795
206.910791
206.837400
206.812795
206.802911
207.443635
207.670361
208.394359
209.937573
208.548098
208.703277
208.756667
208.775458
208.780847
210.712902
210.752356
210.765017
210.125271
209.900114
209.820870
211.077712
210.877077
210.162262
209.267706
209.597071
209.712990
210.395542
211.281191
211.594118
211.705476
211.743444
211.756807
211.116084
209.600953
209.067706
208.880030
208.813978
208.790731
208.783774
209.427976
209.654702
210.378700
209.345105
208.981333
208.853305
208.807021
209.434934
209.654702
209.734498
209.762582
209.772466
209.775945
209.131742
208.260814
208.598495
208.717341
208.759169
208.129687
207.909367
208.477252
208.675894
208.745806
208.126209
209.197772
208.930704
208.835486
208.801974
208.790179
208.787252
208.783774
208.783774
208.783774
208.783774
208.783774
208.783774
208.783774
209.427976
209.654702
209.734498
209.762582
209.772466
209.775945
209.775945
209.775945
209.775945
209.131742
208.905016
211.402030
210.992445
210.848292
210.153355
209.265796
208.953420
209.482786
209.671543
209.093774
208.891654
208.821742
209.441339
209.658181
209.734498
209.118379
211.478347
211.664731
213.661711
213.076140
214.158454
215.184799
214.896920
214.796826
214.757925
213.458278
212.998420
211.546946
212.969933
211.538144
212.966835
210.895300
208.877822
207.526020
208.334988
207.979174
207.850272
207.809803
207.798008
207.795082
207.791603
207.791603
208.435805
208.662531
208.742327
208.770411
208.780295
208.139571
208.557048
208.703978
208.111487
207.902961
207.829571
207.804966
207.795082
208.435805
208.662531
208.742327
208.770411
208.780295
208.783774
208.783774
208.783774
208.783774
208.783774
208.783774
208.783774
208.139571
208.557048
208.703978
208.755690
208.129687
208.553569
208.703978
208.755690
208.129687
208.553569
208.703978
208.111487
207.902961
207.829571
208.449168
208.021808
208.515601
208.046413
207.881283
207.823166
207.801487
207.795082
207.791603
207.791603
207.791603
207.791603
207.791603
207.791603
207.791603
207.791603
207.147401
207.564877
207.711807
207.763519
207.781719
207.788124
207.791603
208.435805
208.018329
208.515601
208.690615
208.752211
208.773890
208.780295
208.139571
208.557048
208.703978
208.755690
208.129687
208.553569
208.703978
208.755690
208.129687
208.553569
208.059776
208.528964
208.049892
207.881283
208.467368
208.028213
208.519080
208.690615
208.752211
208.773890
208.136093
207.912846
208.477252
208.675894
208.745806
208.770411
208.136093
208.557048
208.703978
208.755690
208.773890
209.424497
209.010500
209.507772
208.394381
208.646728
210.023945
208.574823
207.421829
208.947418
208.842592
208.160273
208.561885
209.351107
210.918501
210.822268
210.145420
209.264227
208.952868
208.842062
207.512211
208.333801
209.912587
209.825260
209.794525
209.139506
208.911422
209.472902
209.023862
209.511251
209.038584
208.873454
208.815336
209.437860
209.658181
209.734498
209.118379
209.545740
209.051946
209.521135
209.042062
208.873454
208.815336
209.437860
209.658181
209.734498
209.762582
209.772466
209.131742
208.905016
209.469423
209.668065
209.093774
208.891654
208.821742
209.441339
209.013978
208.863570
210.100262
208.602907
208.075916
207.889218
207.824734
207.802039
207.791603
207.791603
208.435805
208.662531
209.386529
208.997137
208.860091
209.456060
209.664586
209.093774
208.891654
208.821742
208.797137
208.787252
208.783774
208.139571
207.912846
207.833050
206.516561
207.985832
208.502940
209.330361
209.621571
209.724062
209.762582
209.128263
208.260814
209.886899
209.814995
210.433891
210.651710
210.729595
210.114029
209.893708
210.461594
210.660236
210.730147
210.110550
209.249506
208.946463
209.482786
209.027341
209.511251
209.682786
209.744382
209.121858
209.545740
209.051946
209.521135
209.686265
209.744382
209.766060
210.416668
210.646873
211.370871
210.981478
211.488635
212.311330
211.311247
210.959269
210.189965
211.208839
212.210407
211.273279
210.945907
210.830689
210.791362
210.775073
210.123913
210.541389
210.044117
209.869103
210.451710
210.656757
210.085945
210.528027
210.684841
210.740031
210.758231
210.764637
210.768115
210.768115
211.412318
210.994841
210.847911
210.796199
210.777999
210.771594
210.768115
210.123913
209.897187
211.105796
210.886961
210.165741
209.911908
209.823797
209.792786
209.779423
209.775945
209.775945
209.775945
209.775945
210.420147
210.002670
210.499943
210.674957
210.092350
209.887303
209.813913
209.789307
210.423626
210.646873
210.082466
209.883824
210.458115
210.660236
210.085945
209.883824
209.169710
209.562581
210.343830
209.974586
209.845856
209.800550
209.785829
209.779423
210.420147
210.002670
209.855740
209.804028
210.430031
210.006149
209.855740
209.804028
210.430031
210.006149
209.855740
210.448231
209.368352
208.988291
208.853305
208.807021
208.790731
208.783774
208.783774
208.783774
208.783774
208.783774
208.783774
208.783774
209.427976
209.010500
208.863570
209.456060
209.664586
209.093774
208.247451
208.595016
208.717341
208.759169
208.773890
208.780295
209.427976
209.010500
208.219367
207.940930
207.842934
207.808445
207.795082
207.791603
207.791603
208.435805
208.662531
208.098125
208.543685
208.056297
208.528964
208.694094
208.752211
208.773890
208.780295
208.783774
208.783774
208.783774
208.783774
208.783774
208.783774
208.139571
208.557048
208.703978
208.755690
208.773890
208.780295
208.783774
208.783774
208.783774
209.427976
209.010500
208.863570
208.811858
208.793658
208.787252
208.783774
208.783774
208.139571
208.557048
208.703978
208.755690
208.773890
208.780295
208.783774
208.783774
208.783774
208.783774
208.783774
208.783774
208.783774
208.783774
208.783774
208.783774
208.783774
208.783774
208.783774
208.783774
208.783774
208.139571
208.557048
208.059776
208.528964
208.694094
208.752211
208.773890
208.780295
208.783774
208.783774
208.783774
208.783774
208.783774
208.783774
208.783774
208.783774
208.139571
208.557048
208.703978
208.755690
208.773890
208.780295
208.783774
208.783774
208.783774
208.783774
208.783774
208.783774
208.783774
208.139571
208.557048
208.703978
210.044095
210.515746
210.037541
210.514664
209.392957
208.353973
208.630057
208.727225
208.762647
208.773890
208.780295
208.783774
209.427976
209.010500
208.863570
208.811858
208.793658
208.787252
208.783774
208.783774
208.783774
208.783774
208.783774
208.783774
208.783774
208.783774
208.783774
208.783774
208.783774
208.783774
208.783774
208.139571
208.557048
208.703978
208.755690
208.773890
209.424497
209.654702
209.734498
209.762582
209.772466
209.775945
209.131742
208.905016
208.825221
208.797137
208.787252
208.783774
208.783774
208.783774
208.139571
208.557048
208.703978
208.755690
208.773890
208.780295
208.783774
208.783774
208.783774
208.783774
208.783774
208.783774
208.783774
209.427976
209.010500
209.507772
209.038584
208.873454
209.459539
209.020384
209.511251
209.038584
208.873454
208.815336
208.793658
208.787252
208.783774
209.427976
209.654702
209.734498
209.118379
208.901538
208.825221
208.797137
208.787252
209.427976
209.654702
209.090295
208.891654
208.821742
208.797137
208.787252
208.783774
208.783774
208.783774
208.783774
208.139571
208.557048
208.703978
208.755690
208.773890
208.780295
208.783774
208.783774
208.783774
208.783774
209.427976
209.010500
208.863570
208.811858
209.437860
209.013978
208.863570
209.456060
209.020384
208.867048
208.811858
209.437860
209.013978
208.863570
208.811858
208.793658
208.787252
208.783774
208.783774
208.783774
208.783774
209.427976
210.298904
210.605426
210.069103
210.524548
210.684841
210.095829
208.598898
208.072056
208.532062
208.692736
208.749284
209.414613
209.007021
209.507772
209.038584
209.517656
209.042062
208.873454
209.459539
209.020384
208.867048
208.811858
208.793658
208.787252
209.427976
209.010500
208.863570
209.456060
209.020384
209.511251
209.038584
208.873454
208.815336
209.437860
209.013978
208.863570
208.811858
209.437860
209.013978
209.507772
209.038584
208.873454
208.815336
208.793658
208.787252
208.783774
208.783774
208.783774
208.783774
208.783774
208.783774
208.783774
208.783774
208.783774
208.783774
208.783774
208.783774
208.783774
208.783774
208.783774
208.139571
207.912846
207.833050
208.449168
208.021808
208.515601
208.690615
208.752211
208.129687
207.909367
207.833050
207.804966
207.795082
208.435805
208.662531
208.098125
208.543685
208.056297
208.528964
208.694094
208.752211
208.773890
208.136093
207.912846
207.833050
208.449168
208.021808
208.515601
208.690615
208.108009
208.547164
208.056297
207.240559
207.596440
208.365894
210.570533
211.989430
211.201628
210.925586
210.827210
210.791362
211.419275
211.639043
211.074637
210.875995
210.806083
210.781478
211.415796
212.927448
213.460696
211.715764
208.524829
209.978595
212.421628
212.634798
214.642430
212.775875
