-1
-1
-1
-1
-1
-1
-1
-1
-1
-1
1.000000
1.000000
1.000000
1.000000
1.000000
1.000000
1.000000
1.000000
1.000000
1.000000
1.000000
1.000000
1.000000
1.000000
1.000000
1.000000
1.000000
1.000000
1.000000
1.000000
1.000000
1.000000
1.000000
0.971429
0.971407
0.973745
0.972100
0.974363
0.975004
0.975613
0.976193
0.976747
0.977276
0.977780
0.978263
0.978725
0.979169
0.979594
0.961563
0.960403
0.963361
0.961511
0.963640
0.964290
0.964916
0.965520
0.966105
0.966670
0.967216
0.967744
0.954086
0.952669
0.955692
0.953863
0.943246
0.941466
0.910514
0.899099
0.913321
0.902348
0.910267
0.911402
0.912510
0.913589
0.914643
0.915672
0.916675
0.917655
0.918612
0.919547
0.920461
0.921355
0.922228
0.923083
0.923919
0.924736
0.925537
0.926321
0.927088
0.927839
0.928576
0.929297
0.930004
0.930697
0.931377
0.932043
0.932695
0.933336
0.933965
0.934582
0.935188
0.935783
0.936367
0.936940
0.937503
0.938055
0.938598
0.939132
0.939657
0.940173
0.940680
0.941178
0.941669
0.942151
0.942625
0.943091
0.943550
0.944002
0.944446
0.944883
0.945314
0.945737
0.946155
0.946566
0.946971
0.947369
0.947762
0.948149
0.948530
0.948906
0.949276
0.949641
0.950001
0.950356
0.950705
0.951050
0.951390
0.951725
0.952056
0.952382
0.952704
0.947234
0.946416
0.947965
0.947078
0.948053
0.948388
0.948719
0.949046
0.949368
0.949687
0.950001
0.950312
0.950618
0.950921
0.951221
0.951516
0.951808
0.952097
0.952382
0.952664
0.947865
0.947149
0.948497
0.947727
0.948572
0.948865
0.949154
0.949439
0.949722
0.950001
0.950276
0.950550
0.950820
0.951088
0.951351
0.951614
0.951873
0.952128
0.952382
0.952632
0.952881
0.953125
0.953368
0.953609
0.953846
0.954082
0.954315
0.950161
0.945266
0.945550
0.945804
0.945594
0.946342
0.946603
0.946861
0.947115
0.947368
0.943573
0.927257
0.920977
0.923468
0.920849
0.918904
0.918667
0.920255
0.919374
0.920355
0.920706
0.921054
0.921398
0.918336
0.917503
0.919051
0.918194
0.919150
0.919493
0.913293
0.911289
0.914066
0.911968
0.910443
0.906495
0.906889
0.907249
0.906990
0.908001
0.908368
0.908731
0.906121
0.905263
0.906866
0.905989
0.906978
0.907337
0.907693
0.908047
0.908398
0.908746
0.906244
0.905422
0.906957
0.903334
0.903107
0.904653
0.903809
0.904763
0.905110
0.905456
0.905798
0.906138
0.906476
0.906811
0.907144
0.904812
0.901401
0.899165
0.898371
0.899299
0.899064
0.900001
0.900345
0.900686
0.901025
0.901362
0.901696
0.902028
0.902358
0.902686
0.903011
0.903334
0.903655
0.903975
0.904291
0.904605
0.904919
0.897994
0.895152
0.896372
0.892308
0.895459
0.887876
0.885441
0.889198
0.886091
0.888200
0.888546
0.888890
0.887064
0.882010
0.881253
0.882742
0.879282
0.879659
0.881177
0.880368
0.881307
0.881658
0.882007
0.882354
0.882699
0.883042
0.883383
0.883722
0.884059
0.884394
0.884727
0.885058
0.885388
0.885715
0.886040
0.886365
0.886687
0.887007
0.887325
0.887641
0.887956
0.886307
0.879798
0.878078
0.880499
0.878153
0.878247
0.877516
0.878910
0.878170
0.879033
0.879357
0.879680
0.880000
0.880320
0.880637
0.880953
0.879456
0.878753
0.880092
0.879381
0.880209
0.880519
0.880830
0.881138
0.881444
0.881749
0.882052
0.882353
0.882654
0.882952
0.883250
0.883545
0.883839
0.884132
0.884423
0.884712
0.885001
0.885287
0.885573
0.885856
0.886140
0.886421
0.886700
0.886979
0.887255
0.885817
0.883491
0.883780
0.884054
0.883878
0.884615
0.884893
0.885168
0.885442
0.885715
0.885986
0.886257
0.886525
0.886793
0.887059
0.885680
0.885078
0.886216
0.885609
0.886312
0.884956
0.884361
0.885488
0.884887
0.883990
0.883397
0.882941
0.881485
0.883050
0.882449
0.883146
0.883409
0.883669
0.883929
0.884188
0.882902
0.880792
0.881060
0.881316
0.879646
0.879489
0.880598
0.878520
0.878365
0.879473
0.878885
0.879570
0.879829
0.878621
0.878047
0.879141
0.878561
0.879238
0.878049
0.876048
0.874890
0.874319
0.874997
0.874839
0.875519
0.875777
0.876033
0.876290
0.876543
0.876797
0.877050
0.877301
0.877552
0.877800
0.876668
0.876116
0.874435
0.872274
0.874555
0.873181
0.874252
0.874502
0.873416
0.872865
0.873919
0.873364
0.874016
0.874264
0.874510
0.874756
0.875000
0.875245
0.875486
0.875728
0.875970
0.876209
0.876448
0.876686
0.875622
0.875096
0.876100
0.874282
0.872863
0.873108
0.873344
0.873199
0.873823
0.874060
0.874296
0.874532
0.874767
0.875000
0.875234
0.875465
0.875696
0.875926
0.874907
0.874400
0.872896
0.870908
0.873006
0.871744
0.872727
0.872959
0.873188
0.873418
0.873647
0.873874
0.874102
0.874327
0.874552
0.874776
0.872602
0.869020
0.869264
0.868313
0.867080
0.868788
0.868282
0.868881
0.869110
0.869338
0.869565
0.869792
0.870018
0.870242
0.870467
0.870690
0.870913
0.871134
0.871356
0.871575
0.871795
0.872014
0.872232
0.870185
0.869013
0.870630
0.869447
0.868145
0.866971
0.867491
0.865604
0.867241
0.866757
0.867330
0.867550
0.867769
0.867987
0.867121
0.865572
0.864725
0.864251
0.864819
0.864692
0.865260
0.865478
0.864641
0.864171
0.864031
0.862870
0.864127
0.861584
0.860773
0.862375
0.861209
0.862125
0.861322
0.860855
0.859739
0.857895
0.859844
0.858680
0.859594
0.859813
0.858046
0.856898
0.858491
0.857333
0.858244
0.858462
0.858680
0.858896
0.859113
0.859327
0.859542
0.859757
0.859970
0.860183
0.860395
0.860607
0.859847
0.859398
0.859307
0.858194
0.859402
0.858949
0.859492
0.859702
0.859911
0.860120
0.860327
0.860535
0.859791
0.858405
0.858617
0.858822
0.856836
0.856073
0.857585
0.856487
0.857352
0.857558
0.857765
0.857972
0.858177
0.858383
0.858586
0.858790
0.858994
0.859195
0.859397
0.859599
0.859800
0.860000
0.860200
0.860400
0.860597
0.859885
0.859462
0.860283
0.858954
0.858844
0.859664
0.858343
0.858233
0.859051
0.858629
0.859136
0.859331
0.859528
0.859722
0.859917
0.860112
0.860304
0.860497
0.860690
0.860882
0.861073
0.861264
0.861455
0.861644
0.861834
0.862022
0.862211
0.861519
0.861117
0.861897
0.860620
0.860516
0.861294
0.860025
0.859920
0.859836
0.858847
0.859921
0.859518
0.860000
0.860187
0.860372
0.860558
0.860743
0.860077
0.859684
0.860448
0.860052
0.860527
0.860709
0.860893
0.861074
0.861258
0.861438
0.861619
0.860961
0.860574
0.861323
0.860935
0.861399
0.861579
0.861757
0.861936
0.862113
0.861462
0.861082
0.860169
0.857854
0.858067
0.857120
0.857867
0.857765
0.858228
0.858408
0.858586
0.858765
0.858942
0.859120
0.859296
0.859473
0.859649
0.859825
0.860001
0.860175
0.860350
0.860523
0.860697
0.860870
0.861042
0.861214
0.861386
0.861557
0.861728
0.860314
0.859413
0.860660
0.859754
0.860465
0.860636
0.860806
0.860976
0.861146
0.861314
0.861483
0.861650
0.861818
0.861985
0.862152
0.862319
0.862485
0.862651
0.862817
0.862981
0.863145
0.863309
0.863473
0.863636
0.863799
0.863962
0.864124
0.864286
0.864447
0.864608
0.864769
0.864929
0.865089
0.865248
0.865407
0.865566
0.865724
0.865882
0.866040
0.866197
0.866354
0.865745
0.865406
0.866059
0.864958
0.864868
0.865521
0.865181
0.865585
0.865741
0.865896
0.866051
0.866205
0.865606
0.865273
0.865916
0.865581
0.865979
0.866133
0.865539
0.865207
0.865846
0.865515
0.865909
0.866061
0.866213
0.865624
0.864559
0.864713
0.864865
0.864776
0.865169
0.865320
0.865471
0.865622
