-1
-1
-1
-1
-1
0.417847
0.430413
0.455612
0.483396
0.465687
0.439398
0.415182
0.394956
0.391272
0.393451
0.404001
0.417224
0.430999
0.444559
0.457606
0.470101
0.482032
0.493436
0.504349
0.514800
0.524819
0.534432
0.543663
0.552535
0.561067
0.569280
0.577191
0.584815
0.592169
0.599267
0.606121
0.612745
0.619149
0.625344
0.631341
0.631027
0.634370
0.638998
0.644016
0.649087
0.654088
0.658995
0.658091
0.660612
0.664358
0.663082
0.665277
0.663514
0.660391
0.661751
0.664754
0.668338
0.672070
0.675819
0.679522
0.683141
0.686679
0.690139
0.693523
0.696834
0.700074
0.703245
0.706349
0.709389
0.712367
0.715285
0.718143
0.720944
0.723691
0.726383
0.729024
0.731614
0.734155
0.736648
0.739095
0.737301
0.738089
0.739833
0.741913
0.744097
0.746296
0.748489
0.750645
0.752764
0.754847
0.756895
0.758910
0.760891
0.762839
0.764756
0.766643
0.764734
0.765151
0.766435
0.768030
0.769726
0.771444
0.773166
0.774861
0.776532
0.778179
0.779800
0.781399
0.782974
0.784526
0.786057
0.787565
0.789053
0.790520
0.791966
0.793393
0.791460
0.791596
0.792507
0.793700
0.794989
0.796304
0.797628
0.798935
0.800225
0.801498
0.802755
0.800872
0.800926
0.801706
0.802752
0.803891
0.805056
0.806230
0.807391
0.808538
0.809672
0.810792
0.811898
0.812992
0.814073
0.815142
0.816199
0.817243
0.818276
0.819297
0.820306
0.821304
0.822291
0.823268
0.824234
0.822415
0.822319
0.820149
0.819917
0.820415
0.821185
0.822059
0.822959
0.823871
0.824774
0.825668
0.826552
0.827428
0.825720
0.825610
0.826103
0.826818
0.827612
0.828432
0.829265
0.830089
0.830906
0.831714
0.832515
0.833308
0.834094
0.834872
0.835643
0.836406
0.837163
0.837913
0.838656
0.839392
0.837758
0.837591
0.837978
0.838572
0.839239
0.839931
0.840636
0.841333
0.842026
0.842711
0.843392
0.844066
0.844734
0.845397
0.846054
0.846705
0.847351
0.847991
0.848626
0.849256
0.849880
0.850500
0.851114
0.851723
0.852327
0.850780
0.848445
0.847935
0.848117
0.846474
0.846225
0.846510
0.846994
0.847545
0.848119
0.848704
0.849285
0.849862
0.850434
0.851001
0.851565
0.852124
0.852678
0.853229
0.853776
0.854319
0.854857
0.855392
0.855922
0.856449
0.856971
0.857491
0.858006
0.858518
0.859025
0.859529
0.860030
0.860527
0.861020
0.861510
0.861997
0.862480
0.862959
0.863436
0.863909
0.864379
0.864845
0.865308
0.865768
0.864394
0.864158
0.864352
0.864707
0.865122
0.865558
0.864216
0.863986
0.864176
0.864524
0.864930
0.865356
0.865794
0.866228
0.866660
0.867089
0.867515
0.867939
0.868360
0.868778
0.869193
0.869605
0.870015
0.870423
0.870828
0.871231
0.871631
0.872028
0.872423
0.872816
0.873206
0.873594
0.873979
0.874362
0.874743
0.875122
0.875498
0.875871
0.876243
0.876613
0.876980
0.877344
0.877707
0.878068
0.878426
0.877181
0.876931
0.877058
0.877326
0.877648
0.877988
0.878338
0.877122
0.876878
0.877002
0.877264
0.877578
0.877911
0.876720
0.874961
0.874510
0.874554
0.873284
0.873018
0.873137
0.873402
0.873715
0.872570
0.872354
0.872485
0.872747
0.873057
0.873385
0.873722
0.874058
0.871516
0.870762
0.870687
0.870868
0.871146
0.871458
0.871792
0.872124
0.872454
0.872782
0.873109
0.873434
0.873758
0.874079
0.874400
0.874718
0.875035
0.875350
0.875664
0.873247
0.872527
0.871102
0.870760
0.870828
0.871050
0.871339
0.871643
0.870632
0.870443
0.870566
0.870807
0.871091
0.870086
0.869902
0.870025
0.863870
0.861737
0.861129
0.859851
0.859569
0.859664
0.859921
0.860219
0.860532
0.860853
0.861172
0.861491
0.861807
0.862122
0.861216
0.859853
0.858328
0.857947
0.855614
0.854929
0.854873
0.855054
0.855325
0.854452
0.854326
0.854476
0.854729
0.855022
0.855328
0.855643
0.855956
0.855115
0.854990
0.855135
0.853106
0.852531
0.852507
0.852695
0.852960
0.853253
0.853563
0.853870
0.854177
0.854483
0.854787
0.855090
0.854284
0.853064
0.852790
0.852874
0.852002
0.851860
0.851996
0.852239
0.852516
0.852807
0.853106
0.853403
0.852627
0.850389
0.849726
0.848606
0.847320
0.847020
0.847097
0.847319
0.847589
0.847880
0.848178
0.848475
0.848771
0.849065
0.849359
0.849651
0.849942
0.850232
0.850521
0.850808
0.851095
0.851381
0.850651
0.850551
0.850689
0.850917
0.850175
0.850069
0.850207
0.850433
0.850693
0.849973
0.849876
0.850013
0.850238
0.850495
0.850764
0.851041
0.851316
0.851590
0.850888
0.850791
0.850923
0.851142
0.851393
0.851656
0.851925
0.852193
0.852461
0.852728
0.852993
0.853258
0.853521
0.853784
0.854045
0.854306
0.854566
0.854825
0.855083
0.855340
0.855596
0.855851
0.856105
0.856359
0.856611
0.856863
0.857114
0.857364
0.857613
0.857861
0.857179
0.857074
0.857187
0.857383
0.854858
0.854055
0.853907
0.854006
0.854197
0.854424
0.854671
0.854917
0.855163
0.855407
0.855651
0.855894
0.856137
0.855483
0.855386
0.855498
0.855690
0.855911
0.856144
0.856382
0.856620
0.856857
0.857094
0.857329
0.857564
0.857798
0.858031
0.858263
0.858494
0.858725
0.858955
0.859184
0.859413
0.858774
0.858673
0.858775
0.858956
0.859164
0.859383
0.859609
0.859833
0.860057
0.860280
0.860502
0.860724
0.860945
0.861166
0.861385
0.861604
0.861823
0.862040
0.862257
0.861630
0.861526
0.861621
0.861791
0.861989
0.862197
0.862411
0.862624
0.862837
0.863048
0.863260
0.863470
0.863680
0.863890
0.864098
0.864306
0.864514
0.864720
0.864926
0.865132
0.865337
0.865541
0.865744
0.865947
0.866150
0.866351
0.865741
0.865634
0.865718
0.865874
0.866058
0.866251
0.866450
0.866649
0.866847
0.867044
0.867241
0.867437
0.867633
0.867828
0.868023
0.868217
0.868410
0.868603
0.868795
0.868986
0.869178
0.869368
0.869558
0.869747
0.869936
0.869340
0.869230
0.869306
0.869451
0.868844
0.868730
0.868806
0.868950
0.868348
0.868236
0.868312
0.866160
0.861681
0.857862
0.842089
0.820581
0.810598
0.778024
0.765848
0.761415
0.740533
0.724497
0.718617
0.701838
0.693303
0.690275
0.689395
0.686488
0.685597
0.685516
0.685704
0.685988
0.686307
0.686647
0.686524
0.686688
0.686959
0.684976
0.684433
0.683073
0.659235
0.648394
0.641721
0.639416
0.638763
0.638742
0.638240
0.638278
0.638521
0.638443
0.638634
0.638537
0.638722
0.639011
0.639340
0.639295
0.639497
0.639792
0.640122
0.640464
0.640810
0.641158
0.641507
0.641854
0.642201
0.642547
0.642892
0.643236
0.642425
0.642331
0.642508
0.642787
0.643106
0.643438
0.643779
0.644119
0.644458
0.644797
0.645136
0.645473
0.645810
0.623462
0.612829
0.609009
0.607774
0.607521
0.607306
0.607508
0.607807
0.608135
0.608473
0.608816
0.608162
0.607465
0.607413
0.607276
0.607436
0.607710
0.608028
0.608363
0.608372
0.608588
0.594040
0.586618
0.584014
0.583239
0.583160
0.572308
0.568447
0.567202
0.566944
0.567061
0.567318
0.567663
0.568007
0.568351
0.568694
0.568756
0.568991
0.569292
0.569618
0.569952
0.570290
0.570629
0.570968
0.571307
0.571645
0.571982
0.572039
0.572269
0.572564
0.572884
0.573212
0.573545
0.573879
0.574211
0.574544
0.574597
0.574823
0.574558
0.574662
0.574629
0.574821
0.575099
0.575408
0.575730
0.576056
0.576383
0.576710
0.577036
0.577362
0.577688
0.578012
0.578337
0.578661
0.578984
0.579306
0.579629
0.579951
0.579721
0.579557
0.579694
0.579944
0.580237
0.580546
0.580863
0.581181
0.581499
0.581816
0.582132
0.582449
0.582765
0.583080
0.583395
0.583709
0.584023
0.584337
0.584650
0.584962
0.584727
0.584832
0.585064
0.585345
0.585644
0.585949
0.585986
0.586192
0.586461
0.586754
0.587056
0.587361
0.587668
0.587974
0.588280
0.588586
0.588619
0.588821
0.589085
0.589374
0.589672
0.589702
0.589632
0.589792
0.590040
0.590320
0.590613
0.590912
0.591212
0.591511
0.591809
0.592108
0.592406
0.592704
0.593001
0.593298
0.593594
0.593890
0.592579
0.588833
0.586812
0.585448
0.584597
0.580370
0.578954
0.578610
0.578413
0.578523
0.578750
0.579031
0.579068
0.579264
0.579521
0.579801
0.580088
0.580379
0.580671
0.580711
0.580657
0.580566
0.580461
0.580602
0.580835
0.581103
0.581385
0.581422
0.581367
0.581524
0.581762
0.582031
0.581815
0.581663
0.581783
0.582006
0.582268
0.582297
0.581747
0.580735
0.575705
0.571609
0.570230
0.569885
0.569932
0.570130
0.570395
0.570679
0.570260
0.570044
0.570137
0.570114
0.570281
0.570054
0.569913
0.567047
0.566133
0.565734
0.565757
0.565941
0.565957
0.566146
0.566392
0.566658
0.566932
0.567209
0.567488
0.567766
0.568043
0.568320
0.568597
0.568873
0.569149
0.569425
0.569700
0.569976
0.570250
0.570524
0.570798
0.571072
0.571345
0.571618
0.571891
0.572163
0.572435
0.572706
0.572977
0.573248
0.573519
0.573789
0.573833
0.574017
0.574253
0.574510
0.574774
0.575040
0.575308
0.575350
0.575532
0.575766
0.576020
0.576282
0.576546
0.576811
0.577076
0.577341
0.577606
0.577870
0.578134
0.578398
0.578661
0.578924
0.579186
0.579448
0.579486
0.579662
0.579667
0.579831
0.580055
0.580301
0.580556
0.580814
0.581074
0.581333
0.581592
0.581850
0.581885
0.582058
0.582284
0.582529
0.582781
0.583036
0.583292
0.583548
0.583581
0.583752
0.583975
0.584217
0.584467
0.584497
0.584667
0.584666
0.584602
0.584734
0.584941
0.585177
0.585422
0.585672
0.585924
0.586176
0.586427
0.586456
0.586623
0.586841
0.587079
0.587324
0.587571
0.587820
0.588068
0.588317
0.588565
0.588813
0.589060
0.589307
0.589554
0.589801
0.590047
0.590292
0.590538
0.590344
0.587590
0.585404
0.584726
0.584406
0.583794
0.583502
0.583551
0.583300
0.583356
0.583317
0.583455
0.583660
0.583676
0.583834
0.583832
0.583771
0.583898
0.584096
0.584322
0.583926
0.583925
0.583864
0.583991
0.583978
0.584122
0.584328
0.584554
0.584790
0.585028
0.585267
0.585295
0.585454
0.585663
0.585680
0.585834
0.586040
0.586265
0.586498
0.586733
0.586969
0.587206
0.587442
0.587677
0.587912
0.588147
0.588382
0.588408
0.588563
0.588767
0.588990
0.589219
0.589451
0.589476
0.589630
0.589832
0.590053
0.590280
0.590510
0.590742
0.590973
0.591205
0.591435
0.591665
0.591895
0.591918
0.591862
0.591983
0.592171
0.591765
0.591752
0.591890
0.592085
0.592300
0.592523
0.592750
0.592978
0.593205
0.593432
0.593658
0.593885
0.594111
0.594337
0.594563
0.594788
0.595013
0.595238
0.595463
0.595687
0.595910
0.596135
0.596358
0.596582
0.596805
0.597027
0.597250
0.597268
0.597412
0.597604
0.597815
0.598032
0.598251
0.598472
0.598693
0.598913
0.599134
0.599354
0.599165
0.599229
0.599390
0.599382
0.599109
0.598937
0.599009
0.599172
0.599368
0.599579
0.599592
0.599531
0.591721
0.580931
0.576970
0.575602
0.575220
0.575212
0.575370
0.575590
0.559375
0.553355
0.551206
0.550527
0.550407
0.550498
0.550720
0.550941
0.551161
0.551382
0.551602
0.551823
0.552043
0.552262
0.552481
0.552532
0.552687
0.552882
0.553091
0.553307
0.553523
0.553741
0.553959
0.554176
0.554394
0.554443
0.554597
0.554789
0.554997
0.555209
0.555424
0.555640
0.555855
0.556071
0.556286
0.556501
0.556716
0.556931
0.557145
0.557192
0.557342
0.557532
0.557736
0.557946
0.558158
0.558204
0.558353
0.558541
0.558411
0.558493
0.558656
0.558849
0.559054
0.559262
0.559474
0.559685
0.559729
0.559876
0.560063
0.560264
0.560304
0.560450
0.560635
0.560670
0.557359
0.553806
0.552587
0.552094
0.552037
0.552145
0.552326
0.552532
0.552739
0.552948
0.553156
0.553365
0.553572
0.553780
0.553988
0.554195
0.554402
0.554609
0.554816
0.555022
0.555228
0.555434
0.555641
0.555847
0.556052
0.556098
0.556242
0.556424
0.556620
0.556821
0.557025
0.557229
0.557433
0.557637
0.557681
0.557824
0.558004
0.558198
0.558398
0.558600
0.558803
0.559005
0.559207
0.559250
0.559391
0.559411
0.559543
0.559718
0.559909
0.560107
0.560307
0.560507
0.560708
0.560908
0.561108
0.561308
0.561508
0.561707
0.561907
0.562106
0.562305
0.562503
0.562702
0.562583
0.562661
0.562813
0.562836
0.562967
0.563139
0.563328
0.563522
0.563717
0.563914
0.564111
0.564308
0.564346
0.564324
0.564437
0.564602
0.564785
0.564976
0.565171
0.565366
0.565561
0.565756
0.565950
0.566145
0.566340
0.566534
0.566727
0.566921
0.567115
0.567309
0.567502
0.567695
0.567888
0.567923
0.568056
0.568226
0.568409
0.568441
0.568571
0.568427
0.568490
0.568633
0.568806
0.568834
0.568963
0.569131
0.569314
0.569501
0.569690
0.569880
0.570070
0.570260
0.570450
0.570639
0.570828
0.571017
0.571207
0.571396
0.571584
0.571772
0.571961
0.572149
0.572337
0.572525
0.572712
0.572900
0.573088
0.573275
0.573462
0.573648
0.573835
0.573865
0.573993
0.574156
0.574334
0.574361
0.574486
0.574649
0.574826
0.575008
0.575192
0.575377
0.575562
0.575435
0.575502
0.575486
0.575439
0.575535
0.575685
0.575857
0.576037
0.576218
0.576247
0.576217
0.576319
0.576471
0.576642
0.576820
0.576846
0.576970
0.577130
0.577303
0.577481
0.577662
0.577844
0.578025
0.578206
0.578387
0.578568
0.578749
0.578930
0.579110
0.579290
0.579470
0.579651
0.579830
0.580010
0.580189
0.580369
0.580548
0.580727
0.580905
0.581084
0.581263
0.581442
0.581620
0.581798
0.581822
0.581941
0.582097
0.582266
0.582440
0.582616
0.582793
0.582970
0.583147
0.583324
0.583500
0.583676
0.583852
0.583875
0.583992
0.584146
0.584160
0.584274
0.584273
0.584381
0.584531
0.584697
0.584869
0.585042
0.585216
0.585391
0.585565
0.585739
0.585912
0.586086
0.586260
0.586434
0.586607
0.586780
0.586953
0.587126
0.587299
0.587471
0.587644
0.587816
0.587988
0.588161
0.588333
0.588504
0.588676
0.588847
0.589019
0.589190
0.589361
0.589531
0.589702
0.589873
0.590044
0.590214
0.590384
0.590554
0.590724
0.590894
0.591063
0.591080
0.591192
0.591339
0.591500
0.591514
0.591624
0.591618
0.591721
0.591864
0.592023
0.592188
0.592203
0.592313
0.592459
0.592618
0.592783
0.592797
0.592907
0.593053
0.593211
0.593375
0.593389
0.593498
0.593643
0.593801
0.593964
0.594129
0.594295
0.594460
0.594626
0.594792
0.594957
0.595122
0.595287
0.595452
0.595617
0.595782
0.595947
0.596111
0.596275
0.596439
0.596604
0.596768
0.596932
0.597095
0.597258
0.597422
0.597585
0.597748
0.597911
0.598074
0.598237
0.598249
0.598354
0.598495
0.598649
0.598808
0.598968
0.599130
0.599292
0.599454
0.599615
0.599776
0.599937
0.600098
0.600259
0.600270
0.600373
0.600512
0.600665
0.600822
0.600981
0.601141
0.601301
0.601461
0.601620
0.601779
0.601939
0.602098
0.602257
0.602417
0.602575
0.602734
0.602893
0.603052
0.603210
0.603219
0.603320
0.603456
0.603606
0.603760
0.603917
0.604075
0.604232
0.604389
0.604397
0.604497
0.604633
0.604781
0.604935
0.605091
0.605247
0.605403
0.605559
0.605715
0.605871
0.606027
0.606183
0.606338
0.606494
0.606649
0.606805
0.606960
0.606966
0.607064
0.607198
0.607344
0.607495
0.607649
0.607803
0.607957
0.607962
0.608059
0.608192
0.608337
0.608488
0.608641
0.608794
0.608947
0.608952
0.608901
0.608976
0.609099
0.609241
0.609389
0.609540
0.609693
0.609845
0.609997
0.610001
0.610096
0.610227
0.610370
0.610519
0.610669
0.610820
0.610971
0.610975
0.611070
0.611200
0.611342
0.611490
0.611640
0.611790
0.611792
0.611887
0.612016
0.612157
0.612304
0.612453
0.612603
0.612752
0.612901
0.613050
0.613200
0.613349
0.613498
0.613646
0.613648
0.613741
0.613722
0.613806
0.613931
0.614069
0.614214
0.614361
0.614509
0.614656
0.614804
0.614952
0.615099
0.615247
0.615394
0.615541
0.615687
0.615834
0.615981
0.616128
0.616274
0.616421
0.616567
0.616567
0.616658
0.616782
0.616774
0.616862
0.616985
0.617122
0.617119
0.617208
0.617332
0.617469
0.617611
0.617755
0.617900
0.618045
0.618189
0.618333
0.618478
0.618622
0.618766
0.618911
0.618764
0.618797
0.618899
0.619027
0.619164
0.619305
0.619449
0.619592
0.619735
0.619878
0.620021
0.620164
0.620306
0.620449
0.620592
0.620734
0.620877
0.620152
0.619676
0.619584
0.619637
0.619745
0.619874
