-1
-1
-1
-1
-1
106.161692
106.455333
107.198339
105.551285
106.866976
107.993444
107.122170
106.165390
107.731430
102.557415
105.776122
106.310129
105.869104
106.987459
108.029868
107.146011
106.811463
107.329786
108.159294
107.820056
106.417010
107.824745
107.699498
108.291174
107.866668
106.435524
107.833008
108.338380
104.690992
104.636440
105.895806
107.636083
108.266529
107.218794
106.845556
107.345240
106.246781
106.481857
107.845391
107.707031
107.017667
106.764634
107.953089
108.385208
107.262096
108.131581
108.450334
107.288873
108.139844
103.978164
103.101605
101.501001
103.472521
103.555995
106.138962
107.730832
107.032381
101.030622
96.918111
98.613511
99.226075
102.003596
104.936678
104.742663
105.954159
107.666418
107.652282
106.363332
105.888516
106.357168
107.164029
107.455411
107.563234
106.966708
105.471293
106.201923
107.744760
107.029926
107.407989
105.630794
106.902015
106.085063
107.061733
106.782220
107.317609
107.517476
106.946998
107.380746
106.258228
107.127930
106.804865
107.325872
106.239714
107.758548
107.676853
107.005149
106.122693
105.160326
106.089969
107.063523
106.781366
107.318805
106.238643
105.846036
106.977535
106.749991
105.390713
107.448777
107.563828
106.966925
107.385002
106.261288
107.132061
106.165984
106.453884
106.560437
97.653467
103.350972
104.787901
107.231846
108.122051
107.169094
107.481377
106.296452
105.865621
105.065022
106.050673
107.691081
107.649222
106.359200
105.888516
104.440524
105.186949
104.817397
105.961831
106.382411
106.535866
106.594871
106.613385
105.982766
106.388542
105.897714
105.079746
106.059061
107.055260
106.781366
107.318805
106.877524
106.718023
107.295693
105.588314
104.966857
105.377482
104.889931
105.350922
105.517615
106.860720
106.711892
107.294964
107.509214
106.946998
102.908576
104.626486
105.893681
106.354530
103.967153
105.653113
104.360663
102.603792
104.516788
105.853656
104.430819
102.627882
103.891218
99.883012
102.886694
105.258890
106.128946
105.171652
102.262320
102.489119
103.839081
104.967503
105.379225
98.504768
101.113594
102.701332
104.555392
105.230367
104.198880
104.477988
103.928885
105.004791
106.033219
106.408458
91.215231
101.003386
102.659614
103.260900
104.117663
105.069148
104.813608
105.323074
106.152365
105.816063
103.775207
103.029060
100.841680
101.319835
100.215027
101.091191
102.693158
103.916543
101.811910
102.318750
102.506693
103.211134
103.465146
104.834081
104.700707
104.010147
103.119304
104.070521
104.417588
103.902325
101.799186
99.755567
99.650309
103.442177
104.186819
105.737784
106.308200
105.880459
105.722884
106.934108
105.460906
103.642607
104.256935
105.760352
103.753372
105.573604
106.242267
103.933729
103.727288
105.565595
106.881241
106.077483
107.700863
108.299209
108.516018
106.673957
106.639226
105.990688
107.027299
106.766641
107.949299
107.107570
108.076707
107.792938
108.325267
107.882122
108.356300
108.532326
107.954656
107.106510
107.434424
106.916695
108.004048
108.400787
107.908169
108.368818
107.257623
106.853694
107.981061
107.753518
108.310884
107.873859
108.356300
107.254563
107.488444
107.575286
107.605465
108.256864
107.854149
107.071346
108.061983
108.423432
108.555313
108.601924
106.703794
106.651620
107.268450
106.854629
107.981403
107.753643
107.675063
107.644884
107.632366
106.990424
106.753187
107.307016
104.953564
105.372632
106.164417
106.454820
104.644134
104.620850
92.479638
91.879997
82.715362
91.510245
94.723721
95.894701
95.711710
96.274780
97.779091
94.466035
97.090502
96.770317
97.932763
101.549800
100.949874
99.462263
95.716033
97.546584
99.489237
95.718338
95.624751
99.426907
102.099484
98.594910
100.507602
101.854911
94.676907
98.437668
97.890182
96.423212
99.713716
95.801751
97.586903
98.862052
96.776307
97.934949
95.793128
99.495879
102.117112
101.794241
100.404703
99.254305
96.285067
100.941075
101.359116
91.292557
92.094797
85.361320
82.910533
75.613944
71.038038
76.420259
75.179090
76.659454
82.949522
80.148575
77.853365
78.277102
80.994772
80.704072
80.584440
83.747256
88.737562
89.916459
87.785043
92.121428
91.786983
93.574063
94.217063
88.064365
99.241994
80.308541
83.626994
93.138720
84.470478
96.017078
88.059637
98.627013
103.097452
100.875678
91.149329
90.760254
81.702594
91.782617
78.848050
86.915340
86.685515
93.621818
100.007030
104.221766
105.798771
106.344019
103.356091
104.804842
105.324398
104.870563
103.427211
95.234005
100.557578
102.493939
104.478213
105.203715
106.110322
103.903675
106.273356
106.499090
101.467387
105.381423
106.169132
96.879349
100.509982
103.113947
100.881697
103.886947
95.401746
101.272736
105.314923
107.425646
107.564432
106.967145
106.771826
106.040576
104.491483
105.841409
105.696576
105.645239
104.987627
106.026957
106.409187
102.710840
102.640709
104.531765
104.584373
103.961671
103.095588
104.066390
101.862063
102.331019
101.864752
99.140608
103.259220
101.564539
101.591118
100.320039
103.691061
98.538248
101.118273
103.983817
103.111204
102.156951
104.355258
102.616894
103.888716
104.348239
103.881544
105.629414
105.622242
106.264535
105.855483
106.345115
104.608628
103.970522
105.655850
101.797091
103.585076
103.597062
103.605958
104.886966
105.349840
104.890397
102.798581
102.036856
101.758929
103.571152
101.676845
102.903828
94.411696
97.063138
99.308322
100.761872
105.131541
104.165837
104.473469
103.294384
90.083534
95.483940
102.556370
103.865126
101.785613
101.029885
103.978700
105.030504
105.402212
106.818613
106.702558
107.937976
107.742320
105.115406
106.073579
106.420169
106.548135
105.314048
106.781923
105.406886
106.178423
105.821049
103.774011
103.669013
106.181706
107.103024
107.436167
106.281464
107.142437
107.455070
106.924228
107.369423
107.531859
106.955260
107.380746
105.619347
106.894824
107.358694
104.972419
106.658782
107.272571
107.501044
108.218765
107.841755
107.071346
106.145338
103.890826
105.623757
106.893418
107.358182
107.529265
106.315432
105.877068
105.072213
103.499279
106.119776
105.798143
104.406042
107.092519
107.435349
108.202332
105.919115
107.005706
107.405181
107.543399
107.595337
107.612781
106.347412
106.520081
107.221964
106.200294
107.105284
107.435484
106.920096
106.730542
105.382109
106.809771
106.688780
100.255821
104.298975
100.663133
105.728366
92.877703
99.051426
94.291385
102.761637
105.864202
97.397927
94.982424
78.103429
96.238932
102.192960
105.643145
106.285729
107.157560
105.596701
106.886561
107.358694
106.889064
106.080337
105.144872
106.085837
105.785760
105.676272
106.915594
107.369287
95.397586
102.526370
101.295640
102.124351
104.979230
106.020878
103.874055
91.563754
81.970139
87.411080
91.945790
78.267198
67.532443
87.281441
90.027066
82.063408
74.040661
78.177306
77.783549
88.445091
98.095608
102.276738
89.758958
84.536184
95.412722
101.272219
95.730006
101.372911
100.909451
101.380739
103.439193
94.602510
86.285343
77.482671
72.999143
73.278393
90.625557
96.977557
92.279549
95.051142
96.065416
72.153476
79.360159
75.600819
87.023372
91.180521
90.141797
93.653371
94.896940
94.726868
93.995786
94.367921
90.037560
91.004040
95.189964
90.329958
90.474859
87.331815
91.306627
91.473109
88.330401
91.670978
87.774267
92.748841
88.801902
88.642576
80.925403
74.265830
81.431259
76.364029
78.362024
79.726891
75.131922
77.936589
78.298424
77.809652
80.816679
91.495554
99.876140
104.201141
98.752998
98.044427
97.139476
94.870035
99.781374
100.292577
99.856797
99.694781
81.748496
80.316081
83.613164
80.985883
86.417599
91.593854
97.357988
93.699132
89.799571
87.746917
81.871849
89.303920
86.895535
82.835956
81.999665
88.084853
97.983765
102.850693
104.638529
105.298385
104.898756
106.654515
105.360399
106.801850
106.050023
105.136826
106.082902
106.423570
105.913509
105.722884
106.295227
105.866681
106.985068
106.754247
106.671536
107.280239
106.861945
106.071950
107.058456
107.419906
107.551786
102.487347
104.474301
102.645255
105.169290
102.256936
103.749843
101.751088
87.596256
96.493061
101.009428
104.582984
106.519705
105.954615
105.141207
105.450141
106.198727
107.106220
106.796944
106.048234
105.137680
105.442825
106.191535
105.824326
106.969614
105.472353
106.844206
107.343240
106.884932
106.719219
106.016859
104.487352
105.202527
104.185708
100.621805
90.377119
91.112860
99.689779
101.538427
105.410357
105.552867
105.625967
106.280968
103.944835
105.650999
106.265984
107.132267
107.448344
107.562162
106.970839
107.387937
106.901241
106.083273
105.784824
106.953694
104.826156
103.409501
102.894119
99.513175
101.473990
83.658850
93.775658
97.468444
95.621409
99.427195
102.086023
104.377615
105.813428
105.698426
106.941766
106.745985
106.671536
106.641358
103.434432
102.265842
105.669737
105.635447
106.900698
105.445701
105.561240
105.603397
103.693090
106.193506
101.991756
81.935643
88.671734
70.046419
76.032826
74.376237
78.894914
92.087203
100.061865
101.104646
100.816093
100.080972
100.439574
83.293486
93.001961
100.382062
95.409741
97.430306
90.499457
92.483495
97.003007
96.087453
80.438334
97.080308
100.614960
103.810727
104.967709
100.923712
101.401016
104.716817
104.654907
103.350033
105.429454
103.643191
92.764820
93.899187
86.649517
73.785272
77.390977
84.462537
81.955775
72.723626
78.317558
76.549422
76.523575
75.222816
73.482509
84.366991
87.678383
85.062353
82.189701
69.644719
76.570362
77.792397
77.600902
73.706788
69.096074
72.551965
75.063532
76.621814
84.858461
92.983829
84.456170
87.082592
78.454648
75.305098
87.554355
99.678209
99.017872
96.207845
95.844054
94.433557
96.442785
100.991084
101.384899
98.340211
92.755632
97.109837
98.692509
99.899809
100.343327
101.790451
101.690127
103.555093
102.957793
98.266181
93.359965
85.178025
84.110866
89.466906
86.951988
91.794864
96.763808
97.314117
97.510384
98.207311
92.083333
87.918692
89.586026
95.308446
94.201954
95.713370
96.279908
94.574496
93.305832
91.553117
81.976809
81.672626
86.672690
85.946040
83.126892
82.740177
83.897944
89.423888
94.622464
89.497582
91.467005
87.073022
91.216725
87.605511
86.919246
87.963196
90.890579
86.220807
88.975570
90.631630
86.762192
86.625115
87.207951
94.461870
97.736908
98.291469
97.865479
96.429273
100.375912
98.604918
100.512761
97.377087
98.790019
93.558633
99.944784
98.449122
101.091783
96.953993
96.077107
88.743032
91.797414
90.365373
94.307503
91.924623
86.581514
91.676272
92.882727
94.606714
88.836373
95.045474
98.599278
102.434884
104.474755
106.493782
105.967767
105.756247
105.676055
105.640767
104.987502
104.746134
102.744437
104.569612
100.763386
89.791403
95.372829
82.715029
75.545626
75.479252
73.548941
79.256061
78.760258
74.141857
71.185026
77.127845
70.356360
72.342772
80.101271
86.137041
82.592370
85.115747
86.696427
84.707085
87.797950
85.723757
77.952826
82.775010
74.310852
77.617412
85.842514
87.573348
90.138095
91.694677
88.453450
90.450170
93.078768
90.207581
89.155460
82.381256
81.196387
80.117650
85.469466
87.431206
85.591452
86.213025
85.159038
86.053745
87.005508
87.352773
86.846627
83.464530
84.150177
83.119568
89.130841
83.018691
84.623372
85.855284
83.744718
84.894304
86.576438
88.487550
84.703635
82.043744
82.357032
81.189056
77.565479
78.156989
84.133295
78.011402
78.969124
78.682698
76.030202
87.196620
83.590723
77.822480
77.626952
82.668169
88.346855
90.390174
81.570579
82.196450
82.420286
86.323186
85.821533
83.721852
88.089412
91.590586
91.590282
97.969941
87.524555
86.912319
89.871283
85.196453
89.882596
85.188522
86.061488
84.455822
84.501314
81.975953
91.261563
85.720300
85.609097
86.850808
89.219002
89.450224
90.149352
87.231137
88.078501
86.468017
83.320358
89.839969
87.745076
91.460427
91.533747
91.565021
89.665817
88.954774
91.261416
96.564649
85.086124
84.092408
95.873103
74.616222
77.076384
90.741089
90.008596
89.733798
92.160419
96.300512
101.620261
100.975583
100.753928
92.367596
87.385036
89.392821
79.894247
87.934435
94.701314
97.828795
97.696665
97.639411
89.337181
89.475255
92.710996
90.695693
93.796681
91.094838
92.684148
90.700971
95.080892
95.408749
91.047160
93.936978
92.429819
95.719226
93.712953
89.789540
91.562979
89.643969
90.227580
91.709238
95.451789
92.991566
92.086378
88.567729
89.836404
87.740760
90.801883
88.094538
88.384483
88.497811
82.783198
87.731856
95.917221
89.329606
89.478520
76.755227
79.154192
83.207319
83.393330
87.317098
81.076141
89.690159
82.594438
92.775542
86.910073
93.705259
96.841561
92.849214
88.861135
89.292518
88.833644
82.256299
87.521520
86.899152
79.650406
67.417843
63.594986
79.465027
79.487443
92.918161
90.168576
95.576771
96.270767
92.649995
85.592532
95.763478
96.298191
100.950385
100.095301
102.347880
98.072285
99.037644
97.480763
97.541040
98.207944
95.889720
92.500412
92.535503
91.275065
88.258142
90.350269
96.869576
94.782109
95.295212
95.485440
91.088708
92.671360
91.318606
90.835583
96.406262
97.161051
99.363643
102.715282
102.664941
102.007691
103.670961
98.530914
97.928727
100.258505
102.389339
103.807197
101.125596
96.966330
97.362386
97.500863
98.826137
100.585939
100.596687
97.413738
98.803392
99.949311
95.892233
96.964455
98.634942
97.974220
99.643759
100.890292
102.633423
101.985640
101.107390
93.123385
90.844652
94.483883
95.808700
99.489502
98.917364
101.282224
102.782455
101.402643
84.927162
94.241437
85.505674
93.812127
87.258141
94.454557
98.395732
97.242029
96.849723
99.234976
100.127884
95.958896
97.629166
95.689095
98.175636
99.076861
98.127924
96.514478
97.834894
97.683817
97.621157
96.959413
97.998743
101.575381
99.042564
98.119932
99.061058
97.489306
93.079525
94.657416
97.797704
100.221251
98.546980
96.023974
96.390222
97.155198
97.428282
97.524907
99.482835
99.562857
96.394633
97.792674
100.858297
81.532634
89.809990
94.748266
96.557612
97.211751
83.389004
83.504842
89.899744
93.506266
93.544401
89.086145
92.603692
88.764016
92.459026
89.970906
90.343854
92.407125
91.231239
90.814258
89.372294
93.327384
90.934159
88.139786
87.763618
83.793079
88.097312
88.379465
90.408102
94.347211
97.060713
87.198838
87.420299
86.865235
81.547138
78.960328
81.846762
89.314363
84.363415
81.919609
84.873295
85.313620
84.187473
86.955913
84.789704
87.195243
86.147253
90.877436
86.217519
87.704145
88.892982
90.596974
91.223225
87.606375
86.301784
87.096008
93.134219
90.223291
85.327904
89.939602
85.233440
90.541002
85.436289
89.335745
88.212042
92.898018
86.956268
90.521678
88.644748
84.113066
88.215572
92.255903
91.831526
90.385356
91.142998
87.595191
89.481558
95.913732
93.792966
88.550015
86.634027
89.777280
88.361084
91.025203
89.452275
90.166682
89.788463
89.641420
81.927221
87.410495
90.694946
88.695909
87.329155
88.747117
86.727045
89.164801
84.940190
82.128547
88.131877
87.123358
87.400295
90.049329
87.833523
81.917014
86.130515
90.869821
90.680881
89.967033
89.075229
90.678543
88.692939
87.960923
87.698357
86.965182
91.171348
89.507106
92.739198
93.918479
91.154351
89.508441
91.452879
94.086519
95.038400
91.552420
97.954619
100.930952
101.372003
97.695117
96.992428
87.161865
87.390227
91.305330
92.735324
90.071718
91.014996
93.298420
90.928113
90.054224
85.902084
90.144579
91.687998
82.663397
89.600266
85.103598
90.499657
89.899403
88.402628
87.879116
88.302868
86.557417
88.459506
85.326255
88.019342
86.446431
89.065430
88.747772
91.181366
85.050650
87.276887
84.900787
90.415106
89.874582
94.143504
92.523262
94.477065
97.753003
93.183276
95.355255
96.776067
86.441026
89.052906
89.360981
88.209191
80.752202
86.974233
86.714540
86.604713
84.649504
87.133537
87.417575
88.138990
85.852713
92.685105
88.793720
93.755164
95.566933
92.393190
93.796754
95.568541
93.674554
87.857378
87.651533
90.140997
92.321051
87.363531
88.116256
94.791772
95.945156
88.054499
90.922385
90.065701
88.469333
93.621732
91.671393
95.451547
92.983941
88.893711
94.432036
94.522571
92.009123
91.720381
94.179599
89.334488
92.661142
89.407278
94.614896
93.319065
92.840231
92.679087
90.691587
90.615850
87.378735
95.149499
91.595971
89.021648
86.170243
87.683880
89.521455
91.448583
86.416867
92.250557
93.744712
94.283849
97.033073
82.700003
86.428260
91.603773
83.271547
85.981334
89.519539
90.846687
92.587577
89.380436
92.706547
92.628803
94.511051
91.364531
94.046747
92.478914
88.063026
89.010359
94.462538
97.738659
100.841603
94.313215
97.690205
97.638562
100.163185
92.136980
91.120614
86.295695
87.716087
91.431762
94.698099
92.716571
92.627938
90.689506
90.613583
93.133870
91.493389
91.541252
94.112733
89.944450
90.338723
91.115431
88.849330
93.132050
87.660944
93.982241
93.728619
95.551218
94.305607
95.116830
90.957229
91.975463
92.353011
94.402887
90.044288
89.728732
92.818555
89.467727
91.439531
92.154453
92.427362
91.885041
94.874037
90.864120
88.754620
87.984935
92.815155
90.106875
88.472298
91.721243
95.463706
90.440389
90.512137
93.743274
89.173781
93.886298
89.210892
92.631120
91.957878
84.038122
84.356446
77.429823
80.667540
83.753458
84.883927
89.786654
90.290193
85.379447
84.851879
84.654866
86.499626
85.245521
87.346481
85.569583
83.001595
89.092318
88.115687
87.124988
83.563079
79.713964
84.702889
83.312190
81.534545
84.720739
75.029826
85.555362
86.825172
87.296019
81.082016
83.916745
72.199039
80.029232
82.253350
81.787092
93.770791
101.325582
100.278926
100.507279
100.592104
102.542713
101.948021
101.723501
99.733982
95.173278
98.620284
101.151220
101.438805
103.460379
104.841386
102.159906
80.725262
91.429037
101.724800
103.560207
105.506140
102.390393
